
Currently Loaded Modules:
  1) gcc/14.2    (T)   3) ucx/1.15.0      5) boost/1.83.0
  2) cuda/12.0.0       4) openmpi/4.1.6

  Where:
   T:  Testing

 

bed_name =  ukb22828_UKB_EST_v3_ldp08_fd_HT_train
phen_name =  ukb22828_UKB_EST_v3_ldp08_fd_HT_train
[1738773218.454177] [zeta245:3591192:0]     ucp_context.c:1177 UCX  WARN  network device 'ib0' is not available, please use one or more of: 'enp65s0f0'(tcp), 'ibp193s0'(tcp), 'ibp193s0:1'(ib), 'lo'(tcp)
[1738773218.456638] [zeta245:3591211:0]     ucp_context.c:1177 UCX  WARN  network device 'ib0' is not available, please use one or more of: 'enp65s0f0'(tcp), 'ibp193s0'(tcp), 'ibp193s0:1'(ib), 'lo'(tcp)
[1738773218.456666] [zeta245:3591195:0]     ucp_context.c:1177 UCX  WARN  network device 'ib0' is not available, please use one or more of: 'enp65s0f0'(tcp), 'ibp193s0'(tcp), 'ibp193s0:1'(ib), 'lo'(tcp)
[1738773218.463772] [zeta245:3591187:0]     ucp_context.c:1177 UCX  WARN  network device 'ib0' is not available, please use one or more of: 'enp65s0f0'(tcp), 'ibp193s0'(tcp), 'ibp193s0:1'(ib), 'lo'(tcp)
[1738773218.464567] [zeta245:3591188:0]     ucp_context.c:1177 UCX  WARN  network device 'ib0' is not available, please use one or more of: 'enp65s0f0'(tcp), 'ibp193s0'(tcp), 'ibp193s0:1'(ib), 'lo'(tcp)
[1738773218.464946] [zeta245:3591186:0]     ucp_context.c:1177 UCX  WARN  network device 'ib0' is not available, please use one or more of: 'enp65s0f0'(tcp), 'ibp193s0'(tcp), 'ibp193s0:1'(ib), 'lo'(tcp)
[1738773218.465143] [zeta245:3591185:0]     ucp_context.c:1177 UCX  WARN  network device 'ib0' is not available, please use one or more of: 'enp65s0f0'(tcp), 'ibp193s0'(tcp), 'ibp193s0:1'(ib), 'lo'(tcp)
[1738773218.465513] [zeta245:3591214:0]     ucp_context.c:1177 UCX  WARN  network device 'ib0' is not available, please use one or more of: 'enp65s0f0'(tcp), 'ibp193s0'(tcp), 'ibp193s0:1'(ib), 'lo'(tcp)
[1738773218.466520] [zeta245:3591204:0]     ucp_context.c:1177 UCX  WARN  network device 'ib0' is not available, please use one or more of: 'enp65s0f0'(tcp), 'ibp193s0'(tcp), 'ibp193s0:1'(ib), 'lo'(tcp)
[1738773218.466987] [zeta245:3591191:0]     ucp_context.c:1177 UCX  WARN  network device 'ib0' is not available, please use one or more of: 'enp65s0f0'(tcp), 'ibp193s0'(tcp), 'ibp193s0:1'(ib), 'lo'(tcp)
[1738773218.467029] [zeta245:3591200:0]     ucp_context.c:1177 UCX  WARN  network device 'ib0' is not available, please use one or more of: 'enp65s0f0'(tcp), 'ibp193s0'(tcp), 'ibp193s0:1'(ib), 'lo'(tcp)
[1738773218.467046] [zeta245:3591189:0]     ucp_context.c:1177 UCX  WARN  network device 'ib0' is not available, please use one or more of: 'enp65s0f0'(tcp), 'ibp193s0'(tcp), 'ibp193s0:1'(ib), 'lo'(tcp)
[1738773218.467065] [zeta245:3591208:0]     ucp_context.c:1177 UCX  WARN  network device 'ib0' is not available, please use one or more of: 'enp65s0f0'(tcp), 'ibp193s0'(tcp), 'ibp193s0:1'(ib), 'lo'(tcp)
[1738773218.467305] [zeta245:3591190:0]     ucp_context.c:1177 UCX  WARN  network device 'ib0' is not available, please use one or more of: 'enp65s0f0'(tcp), 'ibp193s0'(tcp), 'ibp193s0:1'(ib), 'lo'(tcp)
[1738773218.537276] [zeta247:875010:0]     ucp_context.c:1177 UCX  WARN  network device 'ib0' is not available, please use one or more of: 'enp65s0f0'(tcp), 'ibp193s0'(tcp), 'ibp193s0:1'(ib), 'lo'(tcp)
[1738773218.539123] [zeta247:875004:0]     ucp_context.c:1177 UCX  WARN  network device 'ib0' is not available, please use one or more of: 'enp65s0f0'(tcp), 'ibp193s0'(tcp), 'ibp193s0:1'(ib), 'lo'(tcp)
[1738773218.539209] [zeta247:874996:0]     ucp_context.c:1177 UCX  WARN  network device 'ib0' is not available, please use one or more of: 'enp65s0f0'(tcp), 'ibp193s0'(tcp), 'ibp193s0:1'(ib), 'lo'(tcp)
[1738773218.539390] [zeta247:875003:0]     ucp_context.c:1177 UCX  WARN  network device 'ib0' is not available, please use one or more of: 'enp65s0f0'(tcp), 'ibp193s0'(tcp), 'ibp193s0:1'(ib), 'lo'(tcp)
[1738773218.540459] [zeta247:874987:0]     ucp_context.c:1177 UCX  WARN  network device 'ib0' is not available, please use one or more of: 'enp65s0f0'(tcp), 'ibp193s0'(tcp), 'ibp193s0:1'(ib), 'lo'(tcp)
[1738773218.542062] [zeta247:875000:0]     ucp_context.c:1177 UCX  WARN  network device 'ib0' is not available, please use one or more of: 'enp65s0f0'(tcp), 'ibp193s0'(tcp), 'ibp193s0:1'(ib), 'lo'(tcp)
[1738773218.542348] [zeta247:874999:0]     ucp_context.c:1177 UCX  WARN  network device 'ib0' is not available, please use one or more of: 'enp65s0f0'(tcp), 'ibp193s0'(tcp), 'ibp193s0:1'(ib), 'lo'(tcp)
[1738773218.542869] [zeta247:874997:0]     ucp_context.c:1177 UCX  WARN  network device 'ib0' is not available, please use one or more of: 'enp65s0f0'(tcp), 'ibp193s0'(tcp), 'ibp193s0:1'(ib), 'lo'(tcp)
[1738773218.543287] [zeta247:874989:0]     ucp_context.c:1177 UCX  WARN  network device 'ib0' is not available, please use one or more of: 'enp65s0f0'(tcp), 'ibp193s0'(tcp), 'ibp193s0:1'(ib), 'lo'(tcp)
[1738773218.543508] [zeta247:875001:0]     ucp_context.c:1177 UCX  WARN  network device 'ib0' is not available, please use one or more of: 'enp65s0f0'(tcp), 'ibp193s0'(tcp), 'ibp193s0:1'(ib), 'lo'(tcp)
[1738773218.543689] [zeta247:874998:0]     ucp_context.c:1177 UCX  WARN  network device 'ib0' is not available, please use one or more of: 'enp65s0f0'(tcp), 'ibp193s0'(tcp), 'ibp193s0:1'(ib), 'lo'(tcp)
[1738773218.543973] [zeta247:875005:0]     ucp_context.c:1177 UCX  WARN  network device 'ib0' is not available, please use one or more of: 'enp65s0f0'(tcp), 'ibp193s0'(tcp), 'ibp193s0:1'(ib), 'lo'(tcp)
[1738773218.544235] [zeta247:875002:0]     ucp_context.c:1177 UCX  WARN  network device 'ib0' is not available, please use one or more of: 'enp65s0f0'(tcp), 'ibp193s0'(tcp), 'ibp193s0:1'(ib), 'lo'(tcp)
[1738773218.544640] [zeta247:874995:0]     ucp_context.c:1177 UCX  WARN  network device 'ib0' is not available, please use one or more of: 'enp65s0f0'(tcp), 'ibp193s0'(tcp), 'ibp193s0:1'(ib), 'lo'(tcp)
[1738773218.544997] [zeta247:874990:0]     ucp_context.c:1177 UCX  WARN  network device 'ib0' is not available, please use one or more of: 'enp65s0f0'(tcp), 'ibp193s0'(tcp), 'ibp193s0:1'(ib), 'lo'(tcp)
[1738773218.545318] [zeta247:874988:0]     ucp_context.c:1177 UCX  WARN  network device 'ib0' is not available, please use one or more of: 'enp65s0f0'(tcp), 'ibp193s0'(tcp), 'ibp193s0:1'(ib), 'lo'(tcp)
[1738773218.580957] [zeta245:3591195:0]     ucp_context.c:1177 UCX  WARN  network device 'ib0' is not available, please use one or more of: 'enp65s0f0'(tcp), 'ibp193s0'(tcp), 'ibp193s0:1'(ib), 'lo'(tcp)
[1738773218.581077] [zeta245:3591188:0]     ucp_context.c:1177 UCX  WARN  network device 'ib0' is not available, please use one or more of: 'enp65s0f0'(tcp), 'ibp193s0'(tcp), 'ibp193s0:1'(ib), 'lo'(tcp)
[1738773218.581223] [zeta247:875005:0]     ucp_context.c:1177 UCX  WARN  network device 'ib0' is not available, please use one or more of: 'enp65s0f0'(tcp), 'ibp193s0'(tcp), 'ibp193s0:1'(ib), 'lo'(tcp)
[1738773218.582031] [zeta245:3591185:0]     ucp_context.c:1177 UCX  WARN  network device 'ib0' is not available, please use one or more of: 'enp65s0f0'(tcp), 'ibp193s0'(tcp), 'ibp193s0:1'(ib), 'lo'(tcp)
[1738773218.582540] [zeta245:3591187:0]     ucp_context.c:1177 UCX  WARN  network device 'ib0' is not available, please use one or more of: 'enp65s0f0'(tcp), 'ibp193s0'(tcp), 'ibp193s0:1'(ib), 'lo'(tcp)
[1738773218.582137] [zeta247:875004:0]     ucp_context.c:1177 UCX  WARN  network device 'ib0' is not available, please use one or more of: 'enp65s0f0'(tcp), 'ibp193s0'(tcp), 'ibp193s0:1'(ib), 'lo'(tcp)
[1738773218.583158] [zeta245:3591189:0]     ucp_context.c:1177 UCX  WARN  network device 'ib0' is not available, please use one or more of: 'enp65s0f0'(tcp), 'ibp193s0'(tcp), 'ibp193s0:1'(ib), 'lo'(tcp)
[1738773218.583279] [zeta245:3591214:0]     ucp_context.c:1177 UCX  WARN  network device 'ib0' is not available, please use one or more of: 'enp65s0f0'(tcp), 'ibp193s0'(tcp), 'ibp193s0:1'(ib), 'lo'(tcp)
[1738773218.584423] [zeta247:874990:0]     ucp_context.c:1177 UCX  WARN  network device 'ib0' is not available, please use one or more of: 'enp65s0f0'(tcp), 'ibp193s0'(tcp), 'ibp193s0:1'(ib), 'lo'(tcp)
[1738773218.585659] [zeta247:874987:0]     ucp_context.c:1177 UCX  WARN  network device 'ib0' is not available, please use one or more of: 'enp65s0f0'(tcp), 'ibp193s0'(tcp), 'ibp193s0:1'(ib), 'lo'(tcp)
[1738773218.585648] [zeta247:874988:0]     ucp_context.c:1177 UCX  WARN  network device 'ib0' is not available, please use one or more of: 'enp65s0f0'(tcp), 'ibp193s0'(tcp), 'ibp193s0:1'(ib), 'lo'(tcp)
[1738773218.585694] [zeta247:875001:0]     ucp_context.c:1177 UCX  WARN  network device 'ib0' is not available, please use one or more of: 'enp65s0f0'(tcp), 'ibp193s0'(tcp), 'ibp193s0:1'(ib), 'lo'(tcp)
[1738773218.585983] [zeta247:874998:0]     ucp_context.c:1177 UCX  WARN  network device 'ib0' is not available, please use one or more of: 'enp65s0f0'(tcp), 'ibp193s0'(tcp), 'ibp193s0:1'(ib), 'lo'(tcp)
[1738773218.586184] [zeta247:875003:0]     ucp_context.c:1177 UCX  WARN  network device 'ib0' is not available, please use one or more of: 'enp65s0f0'(tcp), 'ibp193s0'(tcp), 'ibp193s0:1'(ib), 'lo'(tcp)
[1738773218.587012] [zeta245:3591208:0]     ucp_context.c:1177 UCX  WARN  network device 'ib0' is not available, please use one or more of: 'enp65s0f0'(tcp), 'ibp193s0'(tcp), 'ibp193s0:1'(ib), 'lo'(tcp)
[1738773218.587397] [zeta245:3591192:0]     ucp_context.c:1177 UCX  WARN  network device 'ib0' is not available, please use one or more of: 'enp65s0f0'(tcp), 'ibp193s0'(tcp), 'ibp193s0:1'(ib), 'lo'(tcp)
[1738773218.587472] [zeta245:3591191:0]     ucp_context.c:1177 UCX  WARN  network device 'ib0' is not available, please use one or more of: 'enp65s0f0'(tcp), 'ibp193s0'(tcp), 'ibp193s0:1'(ib), 'lo'(tcp)
[1738773218.587884] [zeta245:3591211:0]     ucp_context.c:1177 UCX  WARN  network device 'ib0' is not available, please use one or more of: 'enp65s0f0'(tcp), 'ibp193s0'(tcp), 'ibp193s0:1'(ib), 'lo'(tcp)
[1738773218.587952] [zeta245:3591190:0]     ucp_context.c:1177 UCX  WARN  network device 'ib0' is not available, please use one or more of: 'enp65s0f0'(tcp), 'ibp193s0'(tcp), 'ibp193s0:1'(ib), 'lo'(tcp)
[1738773218.588234] [zeta245:3591200:0]     ucp_context.c:1177 UCX  WARN  network device 'ib0' is not available, please use one or more of: 'enp65s0f0'(tcp), 'ibp193s0'(tcp), 'ibp193s0:1'(ib), 'lo'(tcp)
[1738773218.588555] [zeta245:3591204:0]     ucp_context.c:1177 UCX  WARN  network device 'ib0' is not available, please use one or more of: 'enp65s0f0'(tcp), 'ibp193s0'(tcp), 'ibp193s0:1'(ib), 'lo'(tcp)
[1738773218.588680] [zeta245:3591186:0]     ucp_context.c:1177 UCX  WARN  network device 'ib0' is not available, please use one or more of: 'enp65s0f0'(tcp), 'ibp193s0'(tcp), 'ibp193s0:1'(ib), 'lo'(tcp)
[1738773218.588301] [zeta247:875010:0]     ucp_context.c:1177 UCX  WARN  network device 'ib0' is not available, please use one or more of: 'enp65s0f0'(tcp), 'ibp193s0'(tcp), 'ibp193s0:1'(ib), 'lo'(tcp)
[1738773218.588540] [zeta247:874995:0]     ucp_context.c:1177 UCX  WARN  network device 'ib0' is not available, please use one or more of: 'enp65s0f0'(tcp), 'ibp193s0'(tcp), 'ibp193s0:1'(ib), 'lo'(tcp)
[1738773218.589114] [zeta247:874996:0]     ucp_context.c:1177 UCX  WARN  network device 'ib0' is not available, please use one or more of: 'enp65s0f0'(tcp), 'ibp193s0'(tcp), 'ibp193s0:1'(ib), 'lo'(tcp)
[1738773218.589274] [zeta247:875002:0]     ucp_context.c:1177 UCX  WARN  network device 'ib0' is not available, please use one or more of: 'enp65s0f0'(tcp), 'ibp193s0'(tcp), 'ibp193s0:1'(ib), 'lo'(tcp)
[1738773218.589572] [zeta247:874999:0]     ucp_context.c:1177 UCX  WARN  network device 'ib0' is not available, please use one or more of: 'enp65s0f0'(tcp), 'ibp193s0'(tcp), 'ibp193s0:1'(ib), 'lo'(tcp)
[1738773218.589572] [zeta247:875000:0]     ucp_context.c:1177 UCX  WARN  network device 'ib0' is not available, please use one or more of: 'enp65s0f0'(tcp), 'ibp193s0'(tcp), 'ibp193s0:1'(ib), 'lo'(tcp)
[1738773218.589572] [zeta247:874989:0]     ucp_context.c:1177 UCX  WARN  network device 'ib0' is not available, please use one or more of: 'enp65s0f0'(tcp), 'ibp193s0'(tcp), 'ibp193s0:1'(ib), 'lo'(tcp)
[1738773218.589618] [zeta247:874997:0]     ucp_context.c:1177 UCX  WARN  network device 'ib0' is not available, please use one or more of: 'enp65s0f0'(tcp), 'ibp193s0'(tcp), 'ibp193s0:1'(ib), 'lo'(tcp)
INFO   : rank   12 has 72469 markers over tot Mt = 2174071, max Mm = 72470, starting at S = 869629
INFO   : rank    6 has 72469 markers over tot Mt = 2174071, max Mm = 72470, starting at S = 434815
INFO   : rank    2 has 72469 markers over tot Mt = 2174071, max Mm = 72470, starting at S = 144939
INFO   : rank   11 has 72469 markers over tot Mt = 2174071, max Mm = 72470, starting at S = 797160
INFO   : rank    3 has 72469 markers over tot Mt = 2174071, max Mm = 72470, starting at S = 217408
INFO   : rank   10 has 72469 markers over tot Mt = 2174071, max Mm = 72470, starting at S = 724691
INFO   : rank    8 has 72469 markers over tot Mt = 2174071, max Mm = 72470, starting at S = 579753
INFO   : rank    1 has 72469 markers over tot Mt = 2174071, max Mm = 72470, starting at S = 72470

ardyh command line options:
--bed-file /nfs/scistore17/robingrp/human_data/adepope_preprocessing/PNAS_traits/HT/data//ukb22828_UKB_EST_v3_ldp08_fd_HT_train.bed
--num-groups 10
--group-file /nfs/scistore17/robingrp/human_data/adepope_preprocessing/PNAS_traits/HT/data/ukb22828_UKB_EST_v3_ldp08_fd_HT_train.groupindex
--phen-files /nfs/scistore17/robingrp/human_data/adepope_preprocessing/PNAS_traits/HT/data//ukb22828_UKB_EST_v3_ldp08_fd_HT_train.phen
--N 414055
--Mt 2174071
--out-dir /nfs/scistore13/mondegrp/kkoegler/gVAMP_grouped/synthetic_data/output/
--out-name x1_hat_EOSI_ukb22828_UKB_EST_v3_ldp08_fd_HT_train_G1
--iterations 50
--num-mix-comp 23
--CG-max-iter 100
--probs 9.700000000000e-01,1.500000357658e-02,7.500001788289e-03,3.750000894144e-03,1.875000447072e-03,9.375002235361e-04,4.687501117680e-04,2.343750558840e-04,1.171875279420e-04,5.859376397100e-05,2.929688198550e-05,1.464844099275e-05,7.324219246375e-06,3.662110873188e-06,1.831055186594e-06,9.155274682969e-07,4.577638591485e-07,2.288818795742e-07,1.144409522871e-07,5.722046364356e-08,2.861023182178e-08,1.430511841089e-08,7.152559205445e-09@9.700000000000e-01,1.500000357658e-02,7.500001788289e-03,3.750000894144e-03,1.875000447072e-03,9.375002235361e-04,4.687501117680e-04,2.343750558840e-04,1.171875279420e-04,5.859376397100e-05,2.929688198550e-05,1.464844099275e-05,7.324219246375e-06,3.662110873188e-06,1.831055186594e-06,9.155274682969e-07,4.577638591485e-07,2.288818795742e-07,1.144409522871e-07,5.722046364356e-08,2.861023182178e-08,1.430511841089e-08,7.152559205445e-09@9.700000000000e-01,1.500000357658e-02,7.500001788289e-03,3.750000894144e-03,1.875000447072e-03,9.375002235361e-04,4.687501117680e-04,2.343750558840e-04,1.171875279420e-04,5.859376397100e-05,2.929688198550e-05,1.464844099275e-05,7.324219246375e-06,3.662110873188e-06,1.831055186594e-06,9.155274682969e-07,4.577638591485e-07,2.288818795742e-07,1.144409522871e-07,5.722046364356e-08,2.861023182178e-08,1.430511841089e-08,7.152559205445e-09@9.700000000000e-01,1.500000357658e-02,7.500001788289e-03,3.750000894144e-03,1.875000447072e-03,9.375002235361e-04,4.687501117680e-04,2.343750558840e-04,1.171875279420e-04,5.859376397100e-05,2.929688198550e-05,1.464844099275e-05,7.324219246375e-06,3.662110873188e-06,1.831055186594e-06,9.155274682969e-07,4.577638591485e-07,2.288818795742e-07,1.144409522871e-07,5.722046364356e-08,2.861023182178e-08,1.430511841089e-08,7.152559205445e-09@9.700000000000e-01,1.500000357658e-02,7.500001788289e-03,3.750000894144e-03,1.875000447072e-03,9.375002235361e-04,4.687501117680e-04,2.343750558840e-04,1.171875279420e-04,5.859376397100e-05,2.929688198550e-05,1.464844099275e-05,7.324219246375e-06,3.662110873188e-06,1.831055186594e-06,9.155274682969e-07,4.577638591485e-07,2.288818795742e-07,1.144409522871e-07,5.722046364356e-08,2.861023182178e-08,1.430511841089e-08,7.152559205445e-09@9.700000000000e-01,1.500000357658e-02,7.500001788289e-03,3.750000894144e-03,1.875000447072e-03,9.375002235361e-04,4.687501117680e-04,2.343750558840e-04,1.171875279420e-04,5.859376397100e-05,2.929688198550e-05,1.464844099275e-05,7.324219246375e-06,3.662110873188e-06,1.831055186594e-06,9.155274682969e-07,4.577638591485e-07,2.288818795742e-07,1.144409522871e-07,5.722046364356e-08,2.861023182178e-08,1.430511841089e-08,7.152559205445e-09@9.700000000000e-01,1.500000357658e-02,7.500001788289e-03,3.750000894144e-03,1.875000447072e-03,9.375002235361e-04,4.687501117680e-04,2.343750558840e-04,1.171875279420e-04,5.859376397100e-05,2.929688198550e-05,1.464844099275e-05,7.324219246375e-06,3.662110873188e-06,1.831055186594e-06,9.155274682969e-07,4.577638591485e-07,2.288818795742e-07,1.144409522871e-07,5.722046364356e-08,2.861023182178e-08,1.430511841089e-08,7.152559205445e-09@9.700000000000e-01,1.500000357658e-02,7.500001788289e-03,3.750000894144e-03,1.875000447072e-03,9.375002235361e-04,4.687501117680e-04,2.343750558840e-04,1.171875279420e-04,5.859376397100e-05,2.929688198550e-05,1.464844099275e-05,7.324219246375e-06,3.662110873188e-06,1.831055186594e-06,9.155274682969e-07,4.577638591485e-07,2.288818795742e-07,1.144409522871INFO   : rank    5 has 72469 markers over tot Mt = 2174071, max Mm = 72470, starting at S = 362346
INFO   : rank    9 has 72469 markers over tot Mt = 2174071, max Mm = 72470, starting at S = 652222
INFO   : rank    7 has 72469 markers over tot Mt = 2174071, max Mm = 72470, starting at S = 507284
INFO   : rank    4 has 72469 markers over tot Mt = 2174071, max Mm = 72470, starting at S = 289877
e-07,5.722046364356e-08,2.861023182178e-08,1.430511841089e-08,7.152559205445e-09@9.700000000000e-01,1.500000357658e-02,7.500001788289e-03,3.750000894144e-03,1.875000447072e-03,9.375002235361e-04,4.687501117680e-04,2.343750558840e-04,1.171875279420e-04,5.859376397100e-05,2.929688198550e-05,1.464844099275e-05,7.324219246375e-06,3.662110873188e-06,1.831055186594e-06,9.155274682969e-07,4.577638591485e-07,2.288818795742e-07,1.144409522871e-07,5.722046364356e-08,2.861023182178e-08,1.430511841089e-08,7.152559205445e-09@9.700000000000e-01,1.500000357658e-02,7.500001788289e-03,3.750000894144e-03,1.875000447072e-03,9.375002235361e-04,4.687501117680e-04,2.343750558840e-04,1.171875279420e-04,5.859376397100e-05,2.929688198550e-05,1.464844099275e-05,7.324219246375e-06,3.662110873188e-06,1.831055186594e-06,9.155274682969e-07,4.577638591485e-07,2.288818795742e-07,1.144409522871e-07,5.722046364356e-08,2.861023182178e-08,1.430511841089e-08,7.152559205445e-09
--vars 0,0.0000001,0.0000002238,0.0000005,0.00000112,0.00000251,0.00000561,0.000012565,0.00002812,0.0000629,0.0001408448,0.0003152106,0.0007054413,0.001578778,0.001578778,0.003533305,0.007907536,0.01769706,0.03960603,0.0886383,0.1983725,0.4439577,0.9935773@0,0.0000001,0.0000002238,0.0000005,0.00000112,0.00000251,0.00000561,0.000012565,0.00002812,0.0000629,0.0001408448,0.0003152106,0.0007054413,0.001578778,0.001578778,0.003533305,0.007907536,0.01769706,0.03960603,0.0886383,0.1983725,0.4439577,0.9935773@0,0.0000001,0.0000002238,0.0000005,0.00000112,0.00000251,0.00000561,0.000012565,0.00002812,0.0000629,0.0001408448,0.0003152106,0.0007054413,0.001578778,0.001578778,0.003533305,0.007907536,0.01769706,0.03960603,0.0886383,0.1983725,0.4439577,0.9935773@0,0.0000001,0.0000002238,0.0000005,0.00000112,0.00000251,0.00000561,0.000012565,0.00002812,0.0000629,0.0001408448,0.0003152106,0.0007054413,0.001578778,0.001578778,0.003533305,0.007907536,0.01769706,0.03960603,0.0886383,0.1983725,0.4439577,0.9935773@0,0.0000001,0.0000002238,0.0000005,0.00000112,0.00000251,0.00000561,0.000012565,0.00002812,0.0000629,0.0001408448,0.0003152106,0.0007054413,0.001578778,0.001578778,0.003533305,0.007907536,0.01769706,0.03960603,0.0886383,0.1983725,0.4439577,0.9935773@0,0.0000001,0.0000002238,0.0000005,0.00000112,0.00000251,0.00000561,0.000012565,0.00002812,0.0000629,0.0001408448,0.0003152106,0.0007054413,0.001578778,0.001578778,0.003533305,0.007907536,0.01769706,0.03960603,0.0886383,0.1983725,0.4439577,0.9935773@0,0.0000001,0.0000002238,0.0000005,0.00000112,0.00000251,0.00000561,0.000012565,0.00002812,0.0000629,0.0001408448,0.0003152106,0.0007054413,0.001578778,0.001578778,0.003533305,0.007907536,0.01769706,0.03960603,0.0886383,0.1983725,0.4439577,0.9935773@0,0.0000001,0.0000002238,0.0000005,0.00000112,0.00000251,0.00000561,0.000012565,0.00002812,0.0000629,0.0001408448,0.0003152106,0.0007054413,0.001578778,0.001578778,0.003533305,0.007907536,0.01769706,0.03960603,0.0886383,0.1983725,0.4439577,0.9935773@0,0.0000001,0.0000002238,0.0000005,0.00000112,0.00000251,0.00000561,0.000012565,0.00002812,0.0000629,0.0001408448,0.0003152106,0.0007054413,0.001578778,0.001578778,0.003533305,0.007907536,0.01769706,0.03960603,0.0886383,0.1983725,0.4439577,0.9935773@0,0.0000001,0.0000002238,0.0000005,0.00000112,0.00000251,0.00000561,0.000012565,0.00002812,0.0000629,0.0001408448,0.0003152106,0.0007054413,0.001578778,0.001578778,0.003533305,0.007907536,0.01769706,0.03960603,0.0886383,0.1983725,0.4439577,0.9935773
--model linear
--run-mode infere
--store-pvals 0
--learn-vars 1
--rho 0.1

INFO   : rank    0 has 72470 markers over tot Mt = 2174071, max Mm = 72470, starting at S = 0
INFO   : rank   13 has 72469 markers over tot Mt = 2174071, max Mm = 72470, starting at S = 942098
INFO   : rank   25 has 72469 markers over tot Mt = 2174071, max Mm = 72470, starting at S = 1811726
INFO   : rank   15 has 72469 markers over tot Mt = 2174071, max Mm = 72470, starting at S = 1087036
INFO   : rank   22 has 72469 markers over tot Mt = 2174071, max Mm = 72470, starting at S = 1594319
INFO   : rank   14 has 72469 markers over tot Mt = 2174071, max Mm = 72470, starting at S = 1014567
INFO   : rank   18 has 72469 markers over tot Mt = 2174071, max Mm = 72470, starting at S = 1304443
INFO   : rank   24 has 72469 markers over tot Mt = 2174071, max Mm = 72470, starting at S = 1739257
INFO   : rank   21 has 72469 markers over tot Mt = 2174071, max Mm = 72470, starting at S = 1521850
INFO   : rank   27 has 72469 markers over tot Mt = 2174071, max Mm = 72470, starting at S = 1956664
INFO   : rank   16 has 72469 markers over tot Mt = 2174071, max Mm = 72470, starting at S = 1159505
INFO   : rank   29 has 72469 markers over tot Mt = 2174071, max Mm = 72470, starting at S = 2101602
INFO   : rank   19 has 72469 markers over tot Mt = 2174071, max Mm = 72470, starting at S = 1376912
INFO   : rank   28 has 72469 markers over tot Mt = 2174071, max Mm = 72470, starting at S = 2029133
INFO   : rank   20 has 72469 markers over tot Mt = 2174071, max Mm = 72470, starting at S = 1449381
INFO   : rank   17 has 72469 markers over tot Mt = 2174071, max Mm = 72470, starting at S = 1231974
INFO   : rank   23 has 72469 markers over tot Mt = 2174071, max Mm = 72470, starting at S = 1666788
INFO   : rank   26 has 72469 markers over tot Mt = 2174071, max Mm = 72470, starting at S = 1884195
rank = 6: setting last 1 bits to NAs
rank = 13: setting last 1 bits to NAs
rank = 8: setting last 1 bits to NAs
rank = 12: setting last 1 bits to NAs
rank = 4: setting last 1 bits to NAs
rank = 18: setting last 1 bits to NAs
rank = 23: setting last 1 bits to NAs
rank = 5: setting last 1 bits to NAs
rank = 19: setting last 1 bits to NAs
rank = 14: setting last 1 bits to NAs
rank = 26: setting last 1 bits to NAs
rank = 27: setting last 1 bits to NAs
rank = 20: setting last 1 bits to NAs
rank = 28: setting last 1 bits to NAs
rank = 15: setting last 1 bits to NAs
rank = 21: setting last 1 bits to NAs
rank = 24: setting last 1 bits to NAs
rank = 25: setting last 1 bits to NAs
rank = 2: setting last 1 bits to NAs
rank = 3: setting last 1 bits to NAs
rank = 0: setting last 1 bits to NAs
rank = 1: setting last 1 bits to NAs
rank = 7: setting last 1 bits to NAs
rank = 10: setting last 1 bits to NAs
rank = 11: setting last 1 bits to NAs
rank = 9: setting last 1 bits to NAs
rank = 17: setting last 1 bits to NAs
rank = 16: setting last 1 bits to NAs
rank = 22: setting last 1 bits to NAs
rank = 29: setting last 1 bits to NAs
INFO   : rank 0 has allocated 7501659580 bytes (7.502 GB) for raw data.
INFO   : rank 4 has allocated 7501556066 bytes (7.502 GB) for raw data.
INFO   : rank 8 has allocated 7501556066 bytes (7.502 GB) for raw data.
INFO   : rank 1 has allocated 7501556066 bytes (7.502 GB) for raw data.
INFO   : rank 5 has allocated 7501556066 bytes (7.502 GB) for raw data.
INFO   : rank 9 has allocated 7501556066 bytes (7.502 GB) for raw data.
INFO   : rank 6 has allocated 7501556066 bytes (7.502 GB) for raw data.
INFO   : rank 7 has allocated 7501556066 bytes (7.502 GB) for raw data.
INFO   : rank 3 has allocated 7501556066 bytes (7.502 GB) for raw data.
INFO   : rank 11 has allocated 7501556066 bytes (7.502 GB) for raw data.
INFO   : rank 10 has allocated 7501556066 bytes (7.502 GB) for raw data.
INFO   : rank 2 has allocated 7501556066 bytes (7.502 GB) for raw data.
INFO   : rank 17 has allocated 7501556066 bytes (7.502 GB) for raw data.
INFO   : rank 20 has allocated 7501556066 bytes (7.502 GB) for raw data.
INFO   : rank 13 has allocated 7501556066 bytes (7.502 GB) for raw data.
INFO   : rank 12 has allocated 7501556066 bytes (7.502 GB) for raw data.
INFO   : rank 24 has allocated 7501556066 bytes (7.502 GB) for raw data.
INFO   : rank 25 has allocated 7501556066 bytes (7.502 GB) for raw data.
INFO   : rank 16 has allocated 7501556066 bytes (7.502 GB) for raw data.
INFO   : rank 14 has allocated 7501556066 bytes (7.502 GB) for raw data.
INFO   : rank 29 has allocated 7501556066 bytes (7.502 GB) for raw data.
INFO   : rank 21 has allocated 7501556066 bytes (7.502 GB) for raw data.
INFO   : rank 15 has allocated 7501556066 bytes (7.502 GB) for raw data.
INFO   : rank 22 has allocated 7501556066 bytes (7.502 GB) for raw data.
INFO   : rank 23 has allocated 7501556066 bytes (7.502 GB) for raw data.
INFO   : rank 27 has allocated 7501556066 bytes (7.502 GB) for raw data.
INFO   : rank 19 has allocated 7501556066 bytes (7.502 GB) for raw data.
INFO   : rank 18 has allocated 7501556066 bytes (7.502 GB) for raw data.
INFO   : rank 26 has allocated 7501556066 bytes (7.502 GB) for raw data.
INFO   : rank 28 has allocated 7501556066 bytes (7.502 GB) for raw data.
reading genotype data took 89.4148 seconds.
rank = 0: statistics took 37.6014 seconds to run.

********************
iteration = 1
********************
->DENOISING
A total of 1 variance and prior tuning iterations were performed
time needed to calculate z1 = 37.0445 seconds
filepath_out_z1 = /nfs/scistore13/mondegrp/kkoegler/gVAMP_grouped/synthetic_data/output/x1_hat_EOSI_ukb22828_UKB_EST_v3_ldp08_fd_HT_train_G1_z1_it_1.csv
rho = 0.1
x1_hat filepath_out is /nfs/scistore13/mondegrp/kkoegler/gVAMP_grouped/synthetic_data/output/x1_hat_EOSI_ukb22828_UKB_EST_v3_ldp08_fd_HT_train_G1_it_1.bin
r1 filepath_out is /nfs/scistore13/mondegrp/kkoegler/gVAMP_grouped/synthetic_data/output/x1_hat_EOSI_ukb22828_UKB_EST_v3_ldp08_fd_HT_train_G1_r1_it_1.bin
time needed to save beta1 to an external file = 0.00807269 seconds
eta1 = 30.607
gam2 = 30.607
true gam2 = inf
it = 0: dist_probs = 1.72793e-08 & dist_vars = 0.361755
it = 1: dist_probs = 1.63863e-08 & dist_vars = 0.252028
Final number of prior EM iterations = 2 / 2
it = 0: dist_probs = 1.72793e-08 & dist_vars = 0.361755
it = 1: dist_probs = 1.63863e-08 & dist_vars = 0.252028
Final number of prior EM iterations = 2 / 2
it = 0: dist_probs = 1.72793e-08 & dist_vars = 0.361755
it = 1: dist_probs = 1.63863e-08 & dist_vars = 0.252028
Final number of prior EM iterations = 2 / 2
it = 0: dist_probs = 1.72793e-08 & dist_vars = 0.361755
it = 1: dist_probs = 1.63863e-08 & dist_vars = 0.252028
Final number of prior EM iterations = 2 / 2
it = 0: dist_probs = 1.72793e-08 & dist_vars = 0.361755
it = 1: dist_probs = 1.63863e-08 & dist_vars = 0.252028
Final number of prior EM iterations = 2 / 2
it = 0: dist_probs = 1.72793e-08 & dist_vars = 0.361755
it = 1: dist_probs = 1.63863e-08 & dist_vars = 0.252028
Final number of prior EM iterations = 2 / 2
it = 0: dist_probs = 1.72793e-08 & dist_vars = 0.361755
it = 1: dist_probs = 1.63863e-08 & dist_vars = 0.252028
Final number of prior EM iterations = 2 / 2
it = 0: dist_probs = 1.72793e-08 & dist_vars = 0.361755
it = 1: dist_probs = 1.63863e-08 & dist_vars = 0.252028
Final number of prior EM iterations = 2 / 2
it = 0: dist_probs = 1.72793e-08 & dist_vars = 0.361755
it = 1: dist_probs = 1.63863e-08 & dist_vars = 0.252028
Final number of prior EM iterations = 2 / 2
it = 0: dist_probs = 1.72793e-08 & dist_vars = 0.361755
it = 1: dist_probs = 1.63863e-08 & dist_vars = 0.252028
Final number of prior EM iterations = 2 / 2
time needed to calculate conditional expectation = 0.863189 seconds
correlation x1_hat = -nan
l2 signal error = -nan
l2 prediction error = 1
R2 = 0
prior variances = 0 0.0414055 0.0926655 0.207027 0.463741 1.03928 2.32284 5.20255 11.643 26.0427 58.3107 130.48 291.921 652.847 1458.71 3252.85 7221.72 15878.3 34191.4 70547.9 134408 225695 ;0 0.0414055 0.0926655 0.207027 0.463741 1.03928 2.32284 5.20255 11.643 26.0427 58.3107 130.48 291.921 652.847 1458.71 3252.85 7221.72 15878.3 34191.4 70547.9 134408 225695 ;0 0.0414055 0.0926655 0.207027 0.463741 1.03928 2.32284 5.20255 11.643 26.0427 58.3107 130.48 291.921 652.847 1458.71 3252.85 7221.72 15878.3 34191.4 70547.9 134408 225695 ;0 0.0414055 0.0926655 0.207027 0.463741 1.03928 2.32284 5.20255 11.643 26.0427 58.3107 130.48 291.921 652.847 1458.71 3252.85 7221.72 15878.3 34191.4 70547.9 134408 225695 ;0 0.0414055 0.0926655 0.207027 0.463741 1.03928 2.32284 5.20255 11.643 26.0427 58.3107 130.48 291.921 652.847 1458.71 3252.85 7221.72 15878.3 34191.4 70547.9 134408 225695 ;0 0.0414055 0.0926655 0.207027 0.463741 1.03928 2.32284 5.20255 11.643 26.0427 58.3107 130.48 291.921 652.847 1458.71 3252.85 7221.72 15878.3 34191.4 70547.9 134408 225695 ;0 0.0414055 0.0926655 0.207027 0.463741 1.03928 2.32284 5.20255 11.643 26.0427 58.3107 130.48 291.921 652.847 1458.71 3252.85 7221.72 15878.3 34191.4 70547.9 134408 225695 ;0 0.0414055 0.0926655 0.207027 0.463741 1.03928 2.32284 5.20255 11.643 26.0427 58.3107 130.48 291.921 652.847 1458.71 3252.85 7221.72 15878.3 34191.4 70547.9 134408 225695 ;0 0.0414055 0.0926655 0.207027 0.463741 1.03928 2.32284 5.20255 11.643 26.0427 58.3107 130.48 291.921 652.847 1458.71 3252.85 7221.72 15878.3 34191.4 70547.9 134408 225695 ;0 0.0414055 0.0926655 0.207027 0.463741 1.03928 2.32284 5.20255 11.643 26.0427 58.3107 130.48 291.921 652.847 1458.71 3252.85 7221.72 15878.3 34191.4 70547.9 134408 225695 ;
prior probabilities= 0.97 0.015 0.0075 0.00375 0.001875 0.000937499 0.000468749 0.000234374 0.000117186 5.85922e-05 2.92952e-05 1.46465e-05 7.32208e-06 5.48958e-06 9.14191e-07 4.56272e-07 2.27223e-07 1.12609e-07 5.52294e-08 2.65151e-08 1.22322e-08 5.29777e-09 ;0.97 0.015 0.0075 0.00375 0.001875 0.000937499 0.000468749 0.000234374 0.000117186 5.85922e-05 2.92952e-05 1.46465e-05 7.32208e-06 5.48958e-06 9.14191e-07 4.56272e-07 2.27223e-07 1.12609e-07 5.52294e-08 2.65151e-08 1.22322e-08 5.29777e-09 ;0.97 0.015 0.0075 0.00375 0.001875 0.000937499 0.000468749 0.000234374 0.000117186 5.85922e-05 2.92952e-05 1.46465e-05 7.32208e-06 5.48958e-06 9.14191e-07 4.56272e-07 2.27223e-07 1.12609e-07 5.52294e-08 2.65151e-08 1.22322e-08 5.29777e-09 ;0.97 0.015 0.0075 0.00375 0.001875 0.000937499 0.000468749 0.000234374 0.000117186 5.85922e-05 2.92952e-05 1.46465e-05 7.32208e-06 5.48958e-06 9.14191e-07 4.56272e-07 2.27223e-07 1.12609e-07 5.52294e-08 2.65151e-08 1.22322e-08 5.29777e-09 ;0.97 0.015 0.0075 0.00375 0.001875 0.000937499 0.000468749 0.000234374 0.000117186 5.85922e-05 2.92952e-05 1.46465e-05 7.32208e-06 5.48958e-06 9.14191e-07 4.56272e-07 2.27223e-07 1.12609e-07 5.52294e-08 2.65151e-08 1.22322e-08 5.29777e-09 ;0.97 0.015 0.0075 0.00375 0.001875 0.000937499 0.000468749 0.000234374 0.000117186 5.85922e-05 2.92952e-05 1.46465e-05 7.32208e-06 5.48958e-06 9.14191e-07 4.56272e-07 2.27223e-07 1.12609e-07 5.52294e-08 2.65151e-08 1.22322e-08 5.29777e-09 ;0.97 0.015 0.0075 0.00375 0.001875 0.000937499 0.000468749 0.000234374 0.000117186 5.85922e-05 2.92952e-05 1.46465e-05 7.32208e-06 5.48958e-06 9.14191e-07 4.56272e-07 2.27223e-07 1.12609e-07 5.52294e-08 2.65151e-08 1.22322e-08 5.29777e-09 ;0.97 0.015 0.0075 0.00375 0.001875 0.000937499 0.000468749 0.000234374 0.000117186 5.85922e-05 2.92952e-05 1.46465e-05 7.32208e-06 5.48958e-06 9.14191e-07 4.56272e-07 2.27223e-07 1.12609e-07 5.52294e-08 2.65151e-08 1.22322e-08 5.29777e-09 ;0.97 0.015 0.0075 0.00375 0.001875 0.000937499 0.000468749 0.000234374 0.000117186 5.85922e-05 2.92952e-05 1.46465e-05 7.32208e-06 5.48958e-06 9.14191e-07 4.56272e-07 2.27223e-07 1.12609e-07 5.52294e-08 2.65151e-08 1.22322e-08 5.29777e-09 ;0.97 0.015 0.0075 0.00375 0.001875 0.000937499 0.000468749 0.000234374 0.000117186 5.85922e-05 2.92952e-05 1.46465e-05 7.32208e-06 5.48958e-06 9.14191e-07 4.56272e-07 2.27223e-07 1.12609e-07 5.52294e-08 2.65151e-08 1.22322e-08 5.29777e-09 ;
gamw = 2
denoising step took 49.7141 seconds.
r2 filepath_out is /nfs/scistore13/mondegrp/kkoegler/gVAMP_grouped/synthetic_data/output/x1_hat_EOSI_ukb22828_UKB_EST_v3_ldp08_fd_HT_train_G1_r2_it_1.bin
______________________
->LMMSE
slurmstepd-zeta245: error: *** JOB 27788513 ON zeta245 CANCELLED AT 2025-02-07T13:08:30 ***
