
Currently Loaded Modules:
  1) gcc/14.2    (T)   3) ucx/1.15.0      5) boost/1.83.0
  2) cuda/12.0.0       4) openmpi/4.1.6

  Where:
   T:  Testing

 

true_signal_loc =  /nfs/scistore13/mondegrp/kkoegler/gVAMP_grouped/synthetic_data/true_signal.txt
bed_name =  gen_matrix
phen_name =  phen_vector
[1738766909.445549] [eta321:898657:0]     ucp_context.c:1177 UCX  WARN  network device 'ib0' is not available, please use one or more of: 'ens22f0'(tcp), 'ibp66s0:1'(ib), 'ibs3'(tcp), 'lo'(tcp)
[1738766909.622657] [eta317:920302:0]     ucp_context.c:1177 UCX  WARN  network device 'ib0' is not available, please use one or more of: 'ens22f0'(tcp), 'ibp66s0:1'(ib), 'ibs3'(tcp), 'lo'(tcp)
[1738766909.651369] [eta321:898657:0]     ucp_context.c:1177 UCX  WARN  network device 'ib0' is not available, please use one or more of: 'ens22f0'(tcp), 'ibp66s0:1'(ib), 'ibs3'(tcp), 'lo'(tcp)
[1738766909.665903] [eta317:920302:0]     ucp_context.c:1177 UCX  WARN  network device 'ib0' is not available, please use one or more of: 'ens22f0'(tcp), 'ibp66s0:1'(ib), 'ibs3'(tcp), 'lo'(tcp)
INFO   : rank    1 has 4000 markers over tot Mt = 8000, max Mm = 4000, starting at S = 4000

ardyh command line options:
--bed-file /nfs/scistore13/mondegrp/kkoegler/gVAMP_grouped/synthetic_data/gen_matrix.bed
--num-groups 3
--group-file /nfs/scistore13/mondegrp/kkoegler/gVAMP_grouped/synthetic_data/signal_groups.txt
--phen-files /nfs/scistore13/mondegrp/kkoegler/gVAMP_grouped/synthetic_data/phen_vector.phen
--true-signal-files /nfs/scistore13/mondegrp/kkoegler/gVAMP_grouped/synthetic_data/true_signal.txt
--N 4800
--Mt 8000
--out-dir /nfs/scistore13/mondegrp/kkoegler/gVAMP_grouped/synthetic_data/
--out-name x1_hat_EOSI_gen_matrix_G1
--iterations 10
--num-mix-comp 23
--CG-max-iter 100
--probs 9.700000000000e-01,1.500000357658e-02,7.500001788289e-03,3.750000894144e-03,1.875000447072e-03,9.375002235361e-04,4.687501117680e-04,2.343750558840e-04,1.171875279420e-04,5.859376397100e-05,2.929688198550e-05,1.464844099275e-05,7.324219246375e-06,3.662110873188e-06,1.831055186594e-06,9.155274682969e-07,4.577638591485e-07,2.288818795742e-07,1.144409522871e-07,5.722046364356e-08,2.861023182178e-08,1.430511841089e-08,7.152559205445e-09@9.700000000000e-01,1.500000357658e-02,7.500001788289e-03,3.750000894144e-03,1.875000447072e-03,9.375002235361e-04,4.687501117680e-04,2.343750558840e-04,1.171875279420e-04,5.859376397100e-05,2.929688198550e-05,1.464844099275e-05,7.324219246375e-06,3.662110873188e-06,1.831055186594e-06,9.155274682969e-07,4.577638591485e-07,2.288818795742e-07,1.144409522871e-07,5.722046364356e-08,2.861023182178e-08,1.430511841089e-08,7.152559205445e-09@9.700000000000e-01,1.500000357658e-02,7.500001788289e-03,3.750000894144e-03,1.875000447072e-03,9.375002235361e-04,4.687501117680e-04,2.343750558840e-04,1.171875279420e-04,5.859376397100e-05,2.929688198550e-05,1.464844099275e-05,7.324219246375e-06,3.662110873188e-06,1.831055186594e-06,9.155274682969e-07,4.577638591485e-07,2.288818795742e-07,1.144409522871e-07,5.722046364356e-08,2.861023182178e-08,1.430511841089e-08,7.152559205445e-09
--vars 0,0.0000001,0.0000002238,0.0000005,0.00000112,0.00000251,0.00000561,0.000012565,0.00002812,0.0000629,0.0001408448,0.0003152106,0.0007054413,0.001578778,0.001578778,0.003533305,0.007907536,0.01769706,0.03960603,0.0886383,0.1983725,0.4439577,0.9935773@0,0.0000001,0.0000002238,0.0000005,0.00000112,0.00000251,0.00000561,0.000012565,0.00002812,0.0000629,0.0001408448,0.0003152106,0.0007054413,0.001578778,0.001578778,0.003533305,0.007907536,0.01769706,0.03960603,0.0886383,0.1983725,0.4439577,0.9935773@0,0.0000001,0.0000002238,0.0000005,0.00000112,0.00000251,0.00000561,0.000012565,0.00002812,0.0000629,0.0001408448,0.0003152106,0.0007054413,0.001578778,0.001578778,0.003533305,0.007907536,0.01769706,0.03960603,0.0886383,0.1983725,0.4439577,0.9935773
--model linear
--run-mode infere
--store-pvals 0
--learn-vars 1
--rho 0.1

INFO   : rank    0 has 4000 markers over tot Mt = 8000, max Mm = 4000, starting at S = 0
INFO   : rank 0 has allocated 4800000 bytes (0.005 GB) for raw data.
INFO   : rank 1 has allocated 4800000 bytes (0.005 GB) for raw data.
reading genotype data took 0.324109 seconds.
rank = 0: statistics took 0.0521566 seconds to run.
Reading true signal from: /nfs/scistore13/mondegrp/kkoegler/gVAMP_grouped/synthetic_data/true_signal.txt

********************
iteration = 1
********************
->DENOISING
A total of 1 variance and prior tuning iterations were performed
time needed to calculate z1 = 0.0273839 seconds
filepath_out_z1 = /nfs/scistore13/mondegrp/kkoegler/gVAMP_grouped/synthetic_data/x1_hat_EOSI_gen_matrix_G1_z1_it_1.csv
rho = 0.1
x1_hat filepath_out is /nfs/scistore13/mondegrp/kkoegler/gVAMP_grouped/synthetic_data/x1_hat_EOSI_gen_matrix_G1_it_1.bin
r1 filepath_out is /nfs/scistore13/mondegrp/kkoegler/gVAMP_grouped/synthetic_data/x1_hat_EOSI_gen_matrix_G1_r1_it_1.bin
time needed to save beta1 to an external file = 0.00715873 seconds
eta1 = 2474.18
gam2 = 2474.18
true gam2 = 0.000187751
it = 0: dist_probs = 2.07646e-10 & dist_vars = 0.00435221
Final number of prior EM iterations = 1 / 2
it = 0: dist_probs = 2.07645e-10 & dist_vars = 0.00435221
Final number of prior EM iterations = 1 / 2
it = 0: dist_probs = 2.07645e-10 & dist_vars = 0.00435221
Final number of prior EM iterations = 1 / 2
time needed to calculate conditional expectation = 0.0256605 seconds
correlation x1_hat = -nan
l2 signal error = 1
l2 prediction error = 1
R2 = 0
prior variances = 0 0.00048 0.00107424 0.0024 0.005376 0.012048 0.026928 0.060312 0.134976 0.30192 0.676055 1.51301 3.38611 7.57808 16.9596 37.9547 84.9387 190.073 425.283 951.282 2126.47 4746.53 ;0 0.00048 0.00107424 0.0024 0.005376 0.012048 0.026928 0.060312 0.134976 0.30192 0.676055 1.51301 3.38611 7.57808 16.9596 37.9547 84.9387 190.073 425.283 951.282 2126.47 4746.53 ;0 0.00048 0.00107424 0.0024 0.005376 0.012048 0.026928 0.060312 0.134976 0.30192 0.676055 1.51301 3.38611 7.57808 16.9596 37.9547 84.9387 190.073 425.283 951.282 2126.47 4746.53 ;
prior probabilities= 0.97 0.015 0.0075 0.00375 0.001875 0.0009375 0.00046875 0.000234375 0.000117188 5.85938e-05 2.92969e-05 1.46484e-05 7.32421e-06 5.49315e-06 9.1552e-07 4.57755e-07 2.28872e-07 1.1443e-07 5.72083e-08 2.85966e-08 1.42899e-08 7.13556e-09 ;0.97 0.015 0.0075 0.00375 0.001875 0.0009375 0.00046875 0.000234375 0.000117188 5.85938e-05 2.92969e-05 1.46484e-05 7.32421e-06 5.49315e-06 9.1552e-07 4.57755e-07 2.28872e-07 1.1443e-07 5.72083e-08 2.85966e-08 1.42899e-08 7.13556e-09 ;0.97 0.015 0.0075 0.00375 0.001875 0.0009375 0.00046875 0.000234375 0.000117188 5.85938e-05 2.92969e-05 1.46484e-05 7.32421e-06 5.49315e-06 9.1552e-07 4.57755e-07 2.28872e-07 1.1443e-07 5.72083e-08 2.85966e-08 1.42899e-08 7.13556e-09 ;
gamw = 2
denoising step took 0.0989826 seconds.
r2 filepath_out is /nfs/scistore13/mondegrp/kkoegler/gVAMP_grouped/synthetic_data/x1_hat_EOSI_gen_matrix_G1_r2_it_1.bin
______________________
->LMMSE
[CG] it = 0: ||r_it|| / ||RHS|| = 0.0009308857006, ||x_it|| = 0.08982898743, ||z|| / ||RHS|| = 3.759368518e-07
[CG] it = 1: ||r_it|| / ||RHS|| = 9.418615549e-07, ||x_it|| = 0.08982910423, ||z|| / ||RHS|| = 3.803694348e-10
x2_hat filepath_out is /nfs/scistore13/mondegrp/kkoegler/gVAMP_grouped/synthetic_data/x1_hat_EOSI_gen_matrix_G1_it_1_x2_hat.bin
CG took 0.096674192 seconds.
[CG onsager] it = 0: relative error for onsager is 1
[CG] it = 0: ||r_it|| / ||RHS|| = 0.001031653143, ||x_it|| = 0.000403852852, ||z|| / ||RHS|| = 4.166316385e-07
[CG onsager] it = 1: relative error for onsager is 1.062870466e-06
[CG] it = 1: ||r_it|| / ||RHS|| = 1.076772457e-06, ||x_it|| = 0.0004038534956, ||z|| / ||RHS|| = 4.348530088e-10
onsager took 0.077061297 seconds.
alpha2 = 0.9992041467
eta2= 2476.146775
gam2 re-est = 2474.176126
gam1 = 1.970649588
true gam1 = 0.0001838823985
l2_norm2(temp) / N = 0.9959807268
trace_correction / N = 0.0006632110851
correlation x2_hat = -0.5996819343
l2 signal error = 1.000008253
l2 prediction error = 0.997915738
R2 = 0.004164179875
prior variances = 0 0.0004799999998 0.001074239999 0.002399999994 0.005375999971 0.01204799985 0.02692799927 0.06031199636 0.1349759818 0.3019199088 0.6760545829 1.513008591 3.386106774 7.578076972 16.95957637 37.95473218 84.93867281 190.0728095 425.2828975 951.2822005 2126.465469 4746.534007 ;0 0.0004799999998 0.001074239999 0.002399999994 0.005375999971 0.01204799985 0.02692799927 0.06031199636 0.1349759818 0.3019199088 0.6760545829 1.513008591 3.386106774 7.578076972 16.95957637 37.95473218 84.93867281 190.0728095 425.2828975 951.2822005 2126.465469 4746.534007 ;0 0.0004799999998 0.001074239999 0.002399999994 0.005375999971 0.01204799985 0.02692799927 0.06031199636 0.1349759818 0.3019199088 0.6760545829 1.513008591 3.386106774 7.578076972 16.95957637 37.95473218 84.93867281 190.0728095 425.2828975 951.2822005 2126.465469 4746.534007 ;
prior probabilities= 0.9700000002 0.01500000358 0.007500001786 0.00375000089 0.001875000442 0.0009375002181 0.0004687501056 0.0002343750489 0.0001171875201 5.859375514e-05 2.929687209e-05 1.464842991e-05 7.324206848e-06 5.493145247e-06 9.15519705e-07 4.57755172e-07 2.28872159e-07 1.144300757e-07 5.720829492e-08 2.859662039e-08 1.428990065e-08 7.135564083e-09 ;0.9700000002 0.01500000358 0.007500001786 0.00375000089 0.001875000442 0.0009375002181 0.0004687501056 0.0002343750489 0.0001171875201 5.859375514e-05 2.929687209e-05 1.464842991e-05 7.324206848e-06 5.493145247e-06 9.15519705e-07 4.57755172e-07 2.28872159e-07 1.144300757e-07 5.720829492e-08 2.859662039e-08 1.428990065e-08 7.135564083e-09 ;0.9700000002 0.01500000358 0.007500001786 0.00375000089 0.001875000442 0.0009375002181 0.0004687501056 0.0002343750489 0.0001171875201 5.859375514e-05 2.929687209e-05 1.464842991e-05 7.324206848e-06 5.493145247e-06 9.15519705e-07 4.57755172e-07 2.28872159e-07 1.144300757e-07 5.720829492e-08 2.859662039e-08 1.428990065e-08 7.135564083e-09 ;
gamw = 1.003367363
lmmse step took 0.266223672 seconds.
total iteration time = 0.365206242
total computation time so far = 0.365206242



********************
iteration = 2
********************
->DENOISING
[old] it_revar = 1: gam1 = 0.7966300404
[old] it_revar = 2: gam1 = 0.7634238346
[old] it_revar = 3: gam1 = 0.7804194184
[old] it_revar = 4: gam1 = 0.7984253334
[old] it_revar = 5: gam1 = 0.8131850195
A total of 5 variance and prior tuning iterations were performed
time needed to calculate z1 = 0.0271524 seconds
filepath_out_z1 = /nfs/scistore13/mondegrp/kkoegler/gVAMP_grouped/synthetic_data/x1_hat_EOSI_gen_matrix_G1_z1_it_2.csv
rho = 0.1
x1_hat filepath_out is /nfs/scistore13/mondegrp/kkoegler/gVAMP_grouped/synthetic_data/x1_hat_EOSI_gen_matrix_G1_it_2.bin
r1 filepath_out is /nfs/scistore13/mondegrp/kkoegler/gVAMP_grouped/synthetic_data/x1_hat_EOSI_gen_matrix_G1_r1_it_2.bin
time needed to save beta1 to an external file = 0.007854499 seconds
eta1 = 10.49329076
gam2 = 9.680105738
true gam2 = 0.0001878696975
time needed to calculate conditional expectation = 4.709999999e-07 seconds
correlation x1_hat = -0.7269867181
l2 signal error = 1.000511245
l2 prediction error = 0.9418182199
R2 = 0.1129784406
prior variances = 0 0.0004801608163 0.00107504721 0.002404048503 0.005396533816 0.01215364179 0.02748465673 0.06345700888 0.1556137642 0.5140855634 7.267006759 ;0 0.0004797054611 0.001072766613 0.002392666364 0.00533943336 0.01186691321 0.02605122327 0.05621000305 0.1174054218 0.2419834644 0.7891467077 12.85304667 21.10270925 49.16457374 ;0 0.0004800945387 0.001074715028 0.002402387966 0.005388173425 0.01211132083 0.02726925614 0.06232331698 0.1490596151 0.4543666854 7.693953117 ;
prior probabilities= 0.9340319295 0.01444621384 0.007224606666 0.003613982717 0.001808892473 0.0009066187125 0.0004558386464 0.0002310481258 0.0001199290314 6.931417646e-05 0.03709162613 ;0.9567541477 0.01479062983 0.007392508229 0.003693131489 0.001843081608 0.0009176862656 0.0004546679212 0.0002229372246 0.000107161642 4.981921897e-05 2.171410638e-05 8.495323e-05 0.0003105234429 0.01335703808 ;0.9292610592 0.01437143318 0.007186594095 0.003594281175 0.00179825844 0.0009004160904 0.0004517294596 0.0002278029858 0.0001167599124 6.464888821e-05 0.04202701655 ;
gamw = 1.003367363
denoising step took 0.312111598 seconds.
r2 filepath_out is /nfs/scistore13/mondegrp/kkoegler/gVAMP_grouped/synthetic_data/x1_hat_EOSI_gen_matrix_G1_r2_it_2.bin
______________________
->LMMSE
[CG] it = 0: ||r_it|| / ||RHS|| = 0.1351763173, ||x_it|| = 5.309526286, ||z|| / ||RHS|| = 0.01265309146
[CG] it = 1: ||r_it|| / ||RHS|| = 0.01560328078, ||x_it|| = 5.444378771, ||z|| / ||RHS|| = 0.001460534972
[CG] it = 2: ||r_it|| / ||RHS|| = 0.001650543665, ||x_it|| = 5.447123877, ||z|| / ||RHS|| = 0.0001544980686
[CG] it = 3: ||r_it|| / ||RHS|| = 0.0001755918049, ||x_it|| = 5.447165164, ||z|| / ||RHS|| = 1.643615695e-05
[CG] it = 4: ||r_it|| / ||RHS|| = 1.847028292e-05, ||x_it|| = 5.447165677, ||z|| / ||RHS|| = 1.728898847e-06
[CG] it = 5: ||r_it|| / ||RHS|| = 1.994160115e-06, ||x_it|| = 5.447165687, ||z|| / ||RHS|| = 1.866620635e-07
x2_hat filepath_out is /nfs/scistore13/mondegrp/kkoegler/gVAMP_grouped/synthetic_data/x1_hat_EOSI_gen_matrix_G1_it_2_x2_hat.bin
CG took 0.287638192 seconds.
[CG onsager] it = 0: relative error for onsager is 1
[CG] it = 0: ||r_it|| / ||RHS|| = 0.1201083789, ||x_it|| = 0.09372010777, ||z|| / ||RHS|| = 0.01124266687
[CG onsager] it = 1: relative error for onsager is 0.01246329352
[CG] it = 1: ||r_it|| / ||RHS|| = 0.01278564661, ||x_it|| = 0.09541248099, ||z|| / ||RHS|| = 0.001196792154
[CG onsager] it = 2: relative error for onsager is 0.0001409017131
[CG] it = 2: ||r_it|| / ||RHS|| = 0.001350711292, ||x_it|| = 0.0954430707, ||z|| / ||RHS|| = 0.0001264324539
[CG onsager] it = 3: relative error for onsager is 1.580052632e-06
[CG] it = 3: ||r_it|| / ||RHS|| = 0.0001431030321, ||x_it|| = 0.095443544, ||z|| / ||RHS|| = 1.339506645e-05
[CG onsager] it = 4: relative error for onsager is 1.768283903e-08
[CG] it = 4: ||r_it|| / ||RHS|| = 1.484994776e-05, ||x_it|| = 0.09544355076, ||z|| / ||RHS|| = 1.390019723e-06
onsager took 0.230181947 seconds.
alpha2 = 0.9188011381
onsager approx = -0.1397836889
u1 = -0.4882498998, u2 = 0.188427903, u3 = -0.01415073403
polyest1 = 3.523570861, polyest2 = 9.792197958
extremum = 6.65788441
polyest = 9.792197958
eta2= 10.53558309
gam2 re-est = 9.680105738
gam1 = 0.8554773565
true gam1 = 0.0001834392828
l2_norm2(temp) / N = 0.8365903548
trace_correction / N = 0.1348772558
correlation x2_hat = -0.7774951878
l2 signal error = 1.000648943
l2 prediction error = 0.9145865941
R2 = 0.1635313619
prior variances = 0 0.0004801608163 0.00107504721 0.002404048503 0.005396533816 0.01215364179 0.02748465673 0.06345700888 0.1556137642 0.5140855634 7.267006759 ;0 0.0004797054611 0.001072766613 0.002392666364 0.00533943336 0.01186691321 0.02605122327 0.05621000305 0.1174054218 0.2419834644 0.7891467077 12.85304667 21.10270925 49.16457374 ;0 0.0004800945387 0.001074715028 0.002402387966 0.005388173425 0.01211132083 0.02726925614 0.06232331698 0.1490596151 0.4543666854 7.693953117 ;
prior probabilities= 0.9340319295 0.01444621384 0.007224606666 0.003613982717 0.001808892473 0.0009066187125 0.0004558386464 0.0002310481258 0.0001199290314 6.931417646e-05 0.03709162613 ;0.9567541477 0.01479062983 0.007392508229 0.003693131489 0.001843081608 0.0009176862656 0.0004546679212 0.0002229372246 0.000107161642 4.981921897e-05 2.171410638e-05 8.495323e-05 0.0003105234429 0.01335703808 ;0.9292610592 0.01437143318 0.007186594095 0.003594281175 0.00179825844 0.0009004160904 0.0004517294596 0.0002278029858 0.0001167599124 6.464888821e-05 0.04202701655 ;
gamw = 1.029370397
lmmse step took 0.693758067 seconds.
total iteration time = 1.005869665
total computation time so far = 1.371075907



********************
iteration = 3
********************
->DENOISING
[old] it_revar = 1: gam1 = 0.7673888761
[old] it_revar = 2: gam1 = 0.7604328419
[old] it_revar = 3: gam1 = 0.7666080492
[old] it_revar = 4: gam1 = 0.7752588986
[old] it_revar = 5: gam1 = 0.7840038603
A total of 5 variance and prior tuning iterations were performed
time needed to calculate z1 = 0.027685311 seconds
filepath_out_z1 = /nfs/scistore13/mondegrp/kkoegler/gVAMP_grouped/synthetic_data/x1_hat_EOSI_gen_matrix_G1_z1_it_3.csv
rho = 0.1
x1_hat filepath_out is /nfs/scistore13/mondegrp/kkoegler/gVAMP_grouped/synthetic_data/x1_hat_EOSI_gen_matrix_G1_it_3.bin
r1 filepath_out is /nfs/scistore13/mondegrp/kkoegler/gVAMP_grouped/synthetic_data/x1_hat_EOSI_gen_matrix_G1_r1_it_3.bin
time needed to save beta1 to an external file = 0.006518672 seconds
eta1 = 5.534843301
gam2 = 4.750839441
true gam2 = 0.0001879680077
time needed to calculate conditional expectation = 1.510000001e-07 seconds
correlation x1_hat = -0.7630075146
l2 signal error = 1.001142142
l2 prediction error = 0.8639559267
R2 = 0.2535801567
prior variances = 0 0.0004802556327 0.001075523087 0.002406434696 0.005408631247 0.01221584137 0.02781250564 0.06532677603 0.1687551847 0.7389270497 5.562131774 ;0 0.0004795861163 0.001072170078 0.002389702359 0.005324711426 0.01179461602 0.02570719505 0.05465116836 0.1109711393 0.2175916807 0.6366173626 12.94552887 55.00021441 ;0 0.0004801297563 0.001074891934 0.002403276719 0.005392698082 0.01213479376 0.02739522447 0.06306484547 0.1544654407 0.5413802134 6.487913953 ;
prior probabilities= 0.8829434596 0.01365740125 0.006830954533 0.003418001494 0.001711859193 0.0008591988022 0.0004334146818 0.0002214651298 0.0001176600509 7.717468757e-05 0.08972941053 ;0.9547277322 0.01475746687 0.007374799096 0.003683025013 0.001836638155 0.0009129425571 0.0004506840475 0.0002193232759 0.0001038863992 4.698277369e-05 1.867879092e-05 0.0005551029809 0.01531273784 ;0.8888789139 0.01374740916 0.006874856663 0.003438720331 0.001720827583 0.0008621028414 0.0004330484122 0.0002190733171 0.0001133506115 6.608606389e-05 0.08364561108 ;
gamw = 1.029370397
denoising step took 0.246877088 seconds.
r2 filepath_out is /nfs/scistore13/mondegrp/kkoegler/gVAMP_grouped/synthetic_data/x1_hat_EOSI_gen_matrix_G1_r2_it_3.bin
______________________
->LMMSE
[CG] it = 0: ||r_it|| / ||RHS|| = 0.1151698881, ||x_it|| = 10.05317637, ||z|| / ||RHS|| = 0.01992560209
[CG] it = 1: ||r_it|| / ||RHS|| = 0.02381018201, ||x_it|| = 10.46081734, ||z|| / ||RHS|| = 0.004119411941
[CG] it = 2: ||r_it|| / ||RHS|| = 0.004379942204, ||x_it|| = 10.48293905, ||z|| / ||RHS|| = 0.0007577760728
[CG] it = 3: ||r_it|| / ||RHS|| = 0.0008059491574, ||x_it|| = 10.48378142, ||z|| / ||RHS|| = 0.0001394376818
[CG] it = 4: ||r_it|| / ||RHS|| = 0.0001465579498, ||x_it|| = 10.48381492, ||z|| / ||RHS|| = 2.535606692e-05
[CG] it = 5: ||r_it|| / ||RHS|| = 2.724001828e-05, ||x_it|| = 10.48381583, ||z|| / ||RHS|| = 4.712809693e-06
[CG] it = 6: ||r_it|| / ||RHS|| = 4.99881021e-06, ||x_it|| = 10.48381553, ||z|| / ||RHS|| = 8.648467475e-07
x2_hat filepath_out is /nfs/scistore13/mondegrp/kkoegler/gVAMP_grouped/synthetic_data/x1_hat_EOSI_gen_matrix_G1_it_3_x2_hat.bin
CG took 0.340746687 seconds.
[CG onsager] it = 0: relative error for onsager is 1
[CG] it = 0: ||r_it|| / ||RHS|| = 0.2280043242, ||x_it|| = 0.1734166744, ||z|| / ||RHS|| = 0.03944714641
[CG onsager] it = 1: relative error for onsager is 0.04002156021
[CG] it = 1: ||r_it|| / ||RHS|| = 0.04223530711, ||x_it|| = 0.1834082376, ||z|| / ||RHS|| = 0.007307152393
[CG onsager] it = 2: relative error for onsager is 0.001359233345
[CG] it = 2: ||r_it|| / ||RHS|| = 0.007712201633, ||x_it|| = 0.1839318255, ||z|| / ||RHS|| = 0.001334292005
[CG onsager] it = 3: relative error for onsager is 4.567664107e-05
[CG] it = 3: ||r_it|| / ||RHS|| = 0.00141666057, ||x_it|| = 0.1839558308, ||z|| / ||RHS|| = 0.0002450971802
[CG onsager] it = 4: relative error for onsager is 1.533490859e-06
[CG] it = 4: ||r_it|| / ||RHS|| = 0.0002543595245, ||x_it|| = 0.1839568529, ||z|| / ||RHS|| = 4.400687329e-05
[CG onsager] it = 5: relative error for onsager is 4.883279858e-08
[CG] it = 5: ||r_it|| / ||RHS|| = 4.732700477e-05, ||x_it|| = 0.1839568923, ||z|| / ||RHS|| = 8.188069646e-06
onsager took 0.269980366 seconds.
alpha2 = 0.8594308956
onsager approx = -0.07150870602
u1 = -0.3778210447, u2 = 0.3744065036, u3 = -0.05376579032
polyest1 = 1.224404097, polyest2 = 5.739252559
extremum = 3.481828328
polyest = 5.739252559
eta2= 5.527889985
gam2 re-est = 4.33232406
gam1 = 1.195565925
true gam1 = 0.000184775262
l2_norm2(temp) / N = 0.7129828912
trace_correction / N = 0.22759722
correlation x2_hat = -0.7910517389
l2 signal error = 1.001270969
l2 prediction error = 0.8443217149
R2 = 0.2871208417
prior variances = 0 0.0004802556327 0.001075523087 0.002406434696 0.005408631247 0.01221584137 0.02781250564 0.06532677603 0.1687551847 0.7389270497 5.562131774 ;0 0.0004795861163 0.001072170078 0.002389702359 0.005324711426 0.01179461602 0.02570719505 0.05465116836 0.1109711393 0.2175916807 0.6366173626 12.94552887 55.00021441 ;0 0.0004801297563 0.001074891934 0.002403276719 0.005392698082 0.01213479376 0.02739522447 0.06306484547 0.1544654407 0.5413802134 6.487913953 ;
prior probabilities= 0.8829434596 0.01365740125 0.006830954533 0.003418001494 0.001711859193 0.0008591988022 0.0004334146818 0.0002214651298 0.0001176600509 7.717468757e-05 0.08972941053 ;0.9547277322 0.01475746687 0.007374799096 0.003683025013 0.001836638155 0.0009129425571 0.0004506840475 0.0002193232759 0.0001038863992 4.698277369e-05 1.867879092e-05 0.0005551029809 0.01531273784 ;0.8888789139 0.01374740916 0.006874856663 0.003438720331 0.001720827583 0.0008621028414 0.0004330484122 0.0002190733171 0.0001133506115 6.608606389e-05 0.08364561108 ;
gamw = 1.063173661
lmmse step took 0.786550417 seconds.
total iteration time = 1.033427505
total computation time so far = 2.404503412



********************
iteration = 4
********************
->DENOISING
[old] it_revar = 1: gam1 = 1.755737881
[old] it_revar = 2: gam1 = 1.927709722
[old] it_revar = 3: gam1 = 2.003249519
[old] it_revar = 4: gam1 = 2.04728604
[old] it_revar = 5: gam1 = 2.07859812
A total of 5 variance and prior tuning iterations were performed
time needed to calculate z1 = 0.027260563 seconds
filepath_out_z1 = /nfs/scistore13/mondegrp/kkoegler/gVAMP_grouped/synthetic_data/x1_hat_EOSI_gen_matrix_G1_z1_it_4.csv
rho = 0.1
x1_hat filepath_out is /nfs/scistore13/mondegrp/kkoegler/gVAMP_grouped/synthetic_data/x1_hat_EOSI_gen_matrix_G1_it_4.bin
r1 filepath_out is /nfs/scistore13/mondegrp/kkoegler/gVAMP_grouped/synthetic_data/x1_hat_EOSI_gen_matrix_G1_r1_it_4.bin
time needed to save beta1 to an external file = 0.02062899 seconds
eta1 = 12.53093983
gam2 = 10.45234171
true gam2 = 0.0001876478152
time needed to calculate conditional expectation = 1.599999999e-07 seconds
correlation x1_hat = -0.7766893314
l2 signal error = 1.001551649
l2 prediction error = 0.814306245
R2 = 0.3369053393
prior variances = 0 0.0004803090018 0.00107579341 0.002407817668 0.005415952656 0.012256991 0.0280690565 0.0672646642 0.1893391717 1.103958776 2.41730194 ;0 0.0004789896589 0.001069194896 0.002374987195 0.005252361951 0.01144710985 0.02412880583 0.04812819958 0.08806305609 0.1500723659 0.4168746117 6.408461475 27.03590337 ;0 0.0004800833055 0.001074661402 0.00240214967 0.00538730872 0.01211071223 0.02730821553 0.06301366867 0.1594766045 0.7254372614 2.988098532 ;
prior probabilities= 0.8628772294 0.01334775472 0.006676542249 0.003341263566 0.001674040531 0.0008409701371 0.0004252276114 0.0002189035266 0.0001200167173 9.955294344e-05 0.1103784986 ;0.9536611903 0.01473180994 0.007356328569 0.003667556023 0.001822054647 0.0008983259339 0.0004359945914 0.0002052662425 9.182770822e-05 3.798092635e-05 1.195858989e-05 0.001104372936 0.01597533359 ;0.8774002733 0.01356922141 0.006785343237 0.003393501999 0.001697716359 0.0008500247405 0.00042652735 0.000215533062 0.000112074699 7.223195297e-05 0.09547755194 ;
gamw = 1.063173661
denoising step took 0.276927111 seconds.
r2 filepath_out is /nfs/scistore13/mondegrp/kkoegler/gVAMP_grouped/synthetic_data/x1_hat_EOSI_gen_matrix_G1_r2_it_4.bin
______________________
->LMMSE
[CG] it = 0: ||r_it|| / ||RHS|| = 0.04477643808, ||x_it|| = 10.91708522, ||z|| / ||RHS|| = 0.003888432077
[CG] it = 1: ||r_it|| / ||RHS|| = 0.005451424355, ||x_it|| = 11.18922152, ||z|| / ||RHS|| = 0.000473407315
[CG] it = 2: ||r_it|| / ||RHS|| = 0.000569139942, ||x_it|| = 11.21158653, ||z|| / ||RHS|| = 4.942469973e-05
[CG] it = 3: ||r_it|| / ||RHS|| = 5.667981137e-05, ||x_it|| = 11.21265262, ||z|| / ||RHS|| = 4.922133294e-06
[CG] it = 4: ||r_it|| / ||RHS|| = 5.843087456e-06, ||x_it|| = 11.21266074, ||z|| / ||RHS|| = 5.074197428e-07
x2_hat filepath_out is /nfs/scistore13/mondegrp/kkoegler/gVAMP_grouped/synthetic_data/x1_hat_EOSI_gen_matrix_G1_it_4_x2_hat.bin
CG took 0.244694029 seconds.
[CG onsager] it = 0: relative error for onsager is 1
[CG] it = 0: ||r_it|| / ||RHS|| = 0.1180694051, ||x_it|| = 0.08694660136, ||z|| / ||RHS|| = 0.01025326895
[CG onsager] it = 1: relative error for onsager is 0.01207161023
[CG] it = 1: ||r_it|| / ||RHS|| = 0.01237892293, ||x_it|| = 0.08846781064, ||z|| / ||RHS|| = 0.001074998438
[CG onsager] it = 2: relative error for onsager is 0.0001323967652
[CG] it = 2: ||r_it|| / ||RHS|| = 0.001288106067, ||x_it|| = 0.08849450366, ||z|| / ||RHS|| = 0.0001118604597
[CG onsager] it = 3: relative error for onsager is 1.440325452e-06
[CG] it = 3: ||r_it|| / ||RHS|| = 0.0001344116519, ||x_it|| = 0.08849490441, ||z|| / ||RHS|| = 1.167244652e-05
[CG onsager] it = 4: relative error for onsager is 1.563716854e-08
[CG] it = 4: ||r_it|| / ||RHS|| = 1.373823893e-05, ||x_it|| = 0.08849490997, ||z|| / ||RHS|| = 1.193042842e-06
onsager took 0.229818782 seconds.
alpha2 = 0.9200234128
onsager approx = -3.664117268
u1 = -0.4770309026, u2 = 0.1776834619, u3 = -0.01208179998
polyest1 = 3.533881169, polyest2 = 11.17282332
extremum = 7.353352242
polyest = 11.17282332
eta2= 11.36095187
gam2 re-est = 9.893399514
gam1 = 1.467552351
true gam1 = 0.0001849744065
l2_norm2(temp) / N = 0.8169103073
trace_correction / N = 0.1253739788
correlation x2_hat = -0.6979012736
l2 signal error = 1.001199561
l2 prediction error = 0.9037651542
R2 = 0.1832085461
prior variances = 0 0.0004803090018 0.00107579341 0.002407817668 0.005415952656 0.012256991 0.0280690565 0.0672646642 0.1893391717 1.103958776 2.41730194 ;0 0.0004789896589 0.001069194896 0.002374987195 0.005252361951 0.01144710985 0.02412880583 0.04812819958 0.08806305609 0.1500723659 0.4168746117 6.408461475 27.03590337 ;0 0.0004800833055 0.001074661402 0.00240214967 0.00538730872 0.01211071223 0.02730821553 0.06301366867 0.1594766045 0.7254372614 2.988098532 ;
prior probabilities= 0.8628772294 0.01334775472 0.006676542249 0.003341263566 0.001674040531 0.0008409701371 0.0004252276114 0.0002189035266 0.0001200167173 9.955294344e-05 0.1103784986 ;0.9536611903 0.01473180994 0.007356328569 0.003667556023 0.001822054647 0.0008983259339 0.0004359945914 0.0002052662425 9.182770822e-05 3.798092635e-05 1.195858989e-05 0.001104372936 0.01597533359 ;0.8774002733 0.01356922141 0.006785343237 0.003393501999 0.001697716359 0.0008500247405 0.00042652735 0.000215533062 0.000112074699 7.223195297e-05 0.09547755194 ;
gamw = 1.06125085
lmmse step took 0.649992469 seconds.
total iteration time = 0.92691958
total computation time so far = 3.331422992



********************
iteration = 5
********************
->DENOISING
[old] it_revar = 1: gam1 = 2.128761399
[old] it_revar = 2: gam1 = 2.372341936
[old] it_revar = 3: gam1 = 2.478775806
[old] it_revar = 4: gam1 = 2.534357039
[old] it_revar = 5: gam1 = 2.56934738
A total of 5 variance and prior tuning iterations were performed
time needed to calculate z1 = 0.027465331 seconds
filepath_out_z1 = /nfs/scistore13/mondegrp/kkoegler/gVAMP_grouped/synthetic_data/x1_hat_EOSI_gen_matrix_G1_z1_it_5.csv
rho = 0.1
x1_hat filepath_out is /nfs/scistore13/mondegrp/kkoegler/gVAMP_grouped/synthetic_data/x1_hat_EOSI_gen_matrix_G1_it_5.bin
r1 filepath_out is /nfs/scistore13/mondegrp/kkoegler/gVAMP_grouped/synthetic_data/x1_hat_EOSI_gen_matrix_G1_r1_it_5.bin
time needed to save beta1 to an external file = 0.009883648 seconds
eta1 = 13.97485129
gam2 = 11.40550391
true gam2 = 0.0001875043332
time needed to calculate conditional expectation = 1.5e-07 seconds
correlation x1_hat = -0.7844471373
l2 signal error = 1.001903999
l2 prediction error = 0.7711359679
R2 = 0.4053493189
prior variances = 0 0.0004802942496 0.001075722736 0.002407500748 0.005414767526 0.01225564626 0.02811551855 0.06818478741 0.2071345271 1.244644322 1.931715893 ;0 0.0004783691067 0.001066109186 0.002359830349 0.005178961696 0.01110577767 0.02267585235 0.04278604818 0.07227372184 0.1117143023 0.2649705151 5.433997057 24.14040365 ;0 0.0004800174301 0.001074333662 0.002400538285 0.005379497151 0.01207451466 0.0271603637 0.06263936744 0.1627344212 0.8877291364 2.456305549 ;
prior probabilities= 0.8442340085 0.01305916055 0.006532065978 0.003268834712 0.001637635217 0.0008226126604 0.000416030647 0.000214740865 0.0001205018405 0.0001183658654 0.1295760432 ;0.9531441332 0.01471428015 0.007341718707 0.003653841717 0.001808271704 0.0008842898697 0.0004222972091 0.0001931675624 8.273703914e-05 3.2269444e-05 8.482877082e-06 0.001825399498 0.01588911104 ;0.8659014238 0.01339046736 0.006695389655 0.003347888574 0.001674211365 0.0008375296506 0.0004195486997 0.0002114615011 0.000110117076 7.832241837e-05 0.1073336399 ;
gamw = 1.06125085
denoising step took 0.264001945 seconds.
r2 filepath_out is /nfs/scistore13/mondegrp/kkoegler/gVAMP_grouped/synthetic_data/x1_hat_EOSI_gen_matrix_G1_r2_it_5.bin
______________________
->LMMSE
[CG] it = 0: ||r_it|| / ||RHS|| = 0.02128573118, ||x_it|| = 13.57563091, ||z|| / ||RHS|| = 0.001707429808
[CG] it = 1: ||r_it|| / ||RHS|| = 0.002200779452, ||x_it|| = 13.64227672, ||z|| / ||RHS|| = 0.0001765349945
[CG] it = 2: ||r_it|| / ||RHS|| = 0.0002152714604, ||x_it|| = 13.64448668, ||z|| / ||RHS|| = 1.726794842e-05
[CG] it = 3: ||r_it|| / ||RHS|| = 2.088630151e-05, ||x_it|| = 13.64464621, ||z|| / ||RHS|| = 1.675389653e-06
[CG] it = 4: ||r_it|| / ||RHS|| = 1.975364276e-06, ||x_it|| = 13.6446514, ||z|| / ||RHS|| = 1.584533703e-07
x2_hat filepath_out is /nfs/scistore13/mondegrp/kkoegler/gVAMP_grouped/synthetic_data/x1_hat_EOSI_gen_matrix_G1_it_5_x2_hat.bin
CG took 0.2743301 seconds.
[CG onsager] it = 0: relative error for onsager is 1
[CG] it = 0: ||r_it|| / ||RHS|| = 0.1088527397, ||x_it|| = 0.08030466176, ||z|| / ||RHS|| = 0.008731596335
[CG onsager] it = 1: relative error for onsager is 0.01036902219
[CG] it = 1: ||r_it|| / ||RHS|| = 0.01061469801, ||x_it|| = 0.08151339383, ||z|| / ||RHS|| = 0.0008514554482
[CG onsager] it = 2: relative error for onsager is 9.841230083e-05
[CG] it = 2: ||r_it|| / ||RHS|| = 0.001027633529, ||x_it|| = 0.08153180582, ||z|| / ||RHS|| = 8.243137638e-05
[CG onsager] it = 3: relative error for onsager is 9.264439032e-07
[CG] it = 3: ||r_it|| / ||RHS|| = 9.973508466e-05, ||x_it|| = 0.08153204526, ||z|| / ||RHS|| = 8.000225831e-06
onsager took 0.192777024 seconds.
alpha2 = 0.9256037422
onsager approx = 1.673521642
u1 = -0.4596821611, u2 = 0.130913415, u3 = -0.007315877025
polyest1 = 4.797620623, polyest2 = 13.09680469
extremum = 8.947212657
polyest = 13.09680469
eta2= 12.32223185
gam2 re-est = 10.90008575
gam1 = 1.422146101
true gam1 = 0.000184843491
l2_norm2(temp) / N = 0.783883568
trace_correction / N = 0.1168373745
correlation x2_hat = -0.7077249863
l2 signal error = 1.001480446
l2 prediction error = 0.8853075848
R2 = 0.2162304803
prior variances = 0 0.0004802942496 0.001075722736 0.002407500748 0.005414767526 0.01225564626 0.02811551855 0.06818478741 0.2071345271 1.244644322 1.931715893 ;0 0.0004783691067 0.001066109186 0.002359830349 0.005178961696 0.01110577767 0.02267585235 0.04278604818 0.07227372184 0.1117143023 0.2649705151 5.433997057 24.14040365 ;0 0.0004800174301 0.001074333662 0.002400538285 0.005379497151 0.01207451466 0.0271603637 0.06263936744 0.1627344212 0.8877291364 2.456305549 ;
prior probabilities= 0.8442340085 0.01305916055 0.006532065978 0.003268834712 0.001637635217 0.0008226126604 0.000416030647 0.000214740865 0.0001205018405 0.0001183658654 0.1295760432 ;0.9531441332 0.01471428015 0.007341718707 0.003653841717 0.001808271704 0.0008842898697 0.0004222972091 0.0001931675624 8.273703914e-05 3.2269444e-05 8.482877082e-06 0.001825399498 0.01588911104 ;0.8659014238 0.01339046736 0.006695389655 0.003347888574 0.001674211365 0.0008375296506 0.0004195486997 0.0002114615011 0.000110117076 7.832241837e-05 0.1073336399 ;
gamw = 1.110221771
lmmse step took 0.6426113 seconds.
total iteration time = 0.906613245
total computation time so far = 4.238036237



********************
iteration = 6
********************
->DENOISING
[old] it_revar = 1: gam1 = 2.031675234
[old] it_revar = 2: gam1 = 2.284714084
[old] it_revar = 3: gam1 = 2.398759321
[old] it_revar = 4: gam1 = 2.455876114
[old] it_revar = 5: gam1 = 2.486203616
A total of 5 variance and prior tuning iterations were performed
time needed to calculate z1 = 0.026971468 seconds
filepath_out_z1 = /nfs/scistore13/mondegrp/kkoegler/gVAMP_grouped/synthetic_data/x1_hat_EOSI_gen_matrix_G1_z1_it_6.csv
rho = 0.1
x1_hat filepath_out is /nfs/scistore13/mondegrp/kkoegler/gVAMP_grouped/synthetic_data/x1_hat_EOSI_gen_matrix_G1_it_6.bin
r1 filepath_out is /nfs/scistore13/mondegrp/kkoegler/gVAMP_grouped/synthetic_data/x1_hat_EOSI_gen_matrix_G1_r1_it_6.bin
time needed to save beta1 to an external file = 0.010002266 seconds
eta1 = 12.66986344
gam2 = 10.18365983
true gam2 = 0.0001874115516
time needed to calculate conditional expectation = 1.599999999e-07 seconds
correlation x1_hat = -0.7911165446
l2 signal error = 1.002256677
l2 prediction error = 0.7284839801
R2 = 0.4693110907
prior variances = 0 0.0004802225957 0.001075365743 0.002405739896 0.005406167057 0.01221505418 0.02794134555 0.06765927814 0.2122565784 1.340307663 2.011708639 ;0 0.0004777887663 0.00106323197 0.002345789351 0.005111919059 0.01080304439 0.02145750003 0.03870226277 0.0615784045 0.1765702838 5.752548768 26.61422127 ;0 0.0004799460315 0.001073977766 0.002398780828 0.005370889137 0.01203357313 0.02697985814 0.06198486848 0.1629108157 1.002970891 2.539680356 ;
prior probabilities= 0.8340522016 0.01290069674 0.006452209249 0.003228213923 0.001616558986 0.0008112436724 0.000409485159 0.0002106690353 0.0001184121932 0.0001261792944 0.1400741302 ;0.9525066626 0.01469551579 0.007326898611 0.003640511705 0.001795310447 0.0008715304254 0.00041043628 0.0001834478827 0.000105098719 6.655418609e-06 0.002869146051 0.01558878612 ;0.8568947434 0.01325019889 0.00662464526 0.003311840804 0.00165544174 0.0008273390645 0.0004136240683 0.0002077209414 0.0001077874162 8.209587308e-05 0.1166245625 ;
gamw = 1.110221771
denoising step took 0.256285131 seconds.
r2 filepath_out is /nfs/scistore13/mondegrp/kkoegler/gVAMP_grouped/synthetic_data/x1_hat_EOSI_gen_matrix_G1_r2_it_6.bin
______________________
->LMMSE
[CG] it = 0: ||r_it|| / ||RHS|| = 0.02512716358, ||x_it|| = 16.07790423, ||z|| / ||RHS|| = 0.002224893007
[CG] it = 1: ||r_it|| / ||RHS|| = 0.003048783228, ||x_it|| = 16.23226674, ||z|| / ||RHS|| = 0.000269955519
[CG] it = 2: ||r_it|| / ||RHS|| = 0.0003379150988, ||x_it|| = 16.23790682, ||z|| / ||RHS|| = 2.992080415e-05
[CG] it = 3: ||r_it|| / ||RHS|| = 3.754175616e-05, ||x_it|| = 16.23802052, ||z|| / ||RHS|| = 3.324147211e-06
[CG] it = 4: ||r_it|| / ||RHS|| = 4.089118203e-06, ||x_it|| = 16.23802245, ||z|| / ||RHS|| = 3.620723233e-07
x2_hat filepath_out is /nfs/scistore13/mondegrp/kkoegler/gVAMP_grouped/synthetic_data/x1_hat_EOSI_gen_matrix_G1_it_6_x2_hat.bin
CG took 0.243227575 seconds.
[CG onsager] it = 0: relative error for onsager is 1
[CG] it = 0: ||r_it|| / ||RHS|| = 0.1257238814, ||x_it|| = 0.08865995062, ||z|| / ||RHS|| = 0.01113226264
[CG onsager] it = 1: relative error for onsager is 0.01356962829
[CG] it = 1: ||r_it|| / ||RHS|| = 0.01393620853, ||x_it|| = 0.09040158504, ||z|| / ||RHS|| = 0.001233986192
[CG onsager] it = 2: relative error for onsager is 0.0001663033071
[CG] it = 2: ||r_it|| / ||RHS|| = 0.001532736582, ||x_it|| = 0.09043564615, ||z|| / ||RHS|| = 0.0001357166675
[CG onsager] it = 3: relative error for onsager is 2.021639355e-06
[CG] it = 3: ||r_it|| / ||RHS|| = 0.0001690902182, ||x_it|| = 0.09043621712, ||z|| / ||RHS|| = 1.497214928e-05
[CG onsager] it = 4: relative error for onsager is 2.452795647e-08
[CG] it = 4: ||r_it|| / ||RHS|| = 1.826868015e-05, ||x_it|| = 0.09043622595, ||z|| / ||RHS|| = 1.617606324e-06
onsager took 0.232000559 seconds.
alpha2 = 0.9154572168
onsager approx = 1.166735265
u1 = -0.417498329, u2 = 0.1179076975, u3 = -0.006591130405
polyest1 = 4.862727094, polyest2 = 13.02611598
extremum = 8.944421536
polyest = 13.02611598
eta2= 11.12412425
gam2 re-est = 9.699976949
gam1 = 1.424147302
true gam1 = 0.0001847470127
l2_norm2(temp) / N = 0.7179198668
trace_correction / N = 0.1269157589
correlation x2_hat = -0.7310650386
l2 signal error = 1.001820029
l2 prediction error = 0.8472398808
R2 = 0.2821845844
prior variances = 0 0.0004802225957 0.001075365743 0.002405739896 0.005406167057 0.01221505418 0.02794134555 0.06765927814 0.2122565784 1.340307663 2.011708639 ;0 0.0004777887663 0.00106323197 0.002345789351 0.005111919059 0.01080304439 0.02145750003 0.03870226277 0.0615784045 0.1765702838 5.752548768 26.61422127 ;0 0.0004799460315 0.001073977766 0.002398780828 0.005370889137 0.01203357313 0.02697985814 0.06198486848 0.1629108157 1.002970891 2.539680356 ;
prior probabilities= 0.8340522016 0.01290069674 0.006452209249 0.003228213923 0.001616558986 0.0008112436724 0.000409485159 0.0002106690353 0.0001184121932 0.0001261792944 0.1400741302 ;0.9525066626 0.01469551579 0.007326898611 0.003640511705 0.001795310447 0.0008715304254 0.00041043628 0.0001834478827 0.000105098719 6.655418609e-06 0.002869146051 0.01558878612 ;0.8568947434 0.01325019889 0.00662464526 0.003311840804 0.00165544174 0.0008273390645 0.0004136240683 0.0002077209414 0.0001077874162 8.209587308e-05 0.1166245625 ;
gamw = 1.183662206
lmmse step took 0.651154034 seconds.
total iteration time = 0.907439165
total computation time so far = 5.145475402



********************
iteration = 7
********************
->DENOISING
[old] it_revar = 1: gam1 = 2.028410168
[old] it_revar = 2: gam1 = 2.286987685
[old] it_revar = 3: gam1 = 2.4046088
[old] it_revar = 4: gam1 = 2.463144395
[old] it_revar = 5: gam1 = 2.492565696
A total of 5 variance and prior tuning iterations were performed
time needed to calculate z1 = 0.027002585 seconds
filepath_out_z1 = /nfs/scistore13/mondegrp/kkoegler/gVAMP_grouped/synthetic_data/x1_hat_EOSI_gen_matrix_G1_z1_it_7.csv
rho = 0.1282841994
x1_hat filepath_out is /nfs/scistore13/mondegrp/kkoegler/gVAMP_grouped/synthetic_data/x1_hat_EOSI_gen_matrix_G1_it_7.bin
r1 filepath_out is /nfs/scistore13/mondegrp/kkoegler/gVAMP_grouped/synthetic_data/x1_hat_EOSI_gen_matrix_G1_r1_it_7.bin
time needed to save beta1 to an external file = 0.006344751 seconds
eta1 = 12.24119555
gam2 = 9.74862985
true gam2 = 0.0001872515891
time needed to calculate conditional expectation = 1.800000007e-07 seconds
correlation x1_hat = -0.7984955604
l2 signal error = 1.002701711
l2 prediction error = 0.6766345477
R2 = 0.5421656889
prior variances = 0 0.0004801423842 0.001074965882 0.002403764894 0.005396487969 0.01216894648 0.02773734323 0.06693242075 0.2154954875 1.395202077 ;0 0.0004772464285 0.001060550641 0.002332783748 0.005050627905 0.01053358191 0.02042510189 0.03549751988 0.05394579241 0.1292787526 6.264209627 29.40155086 ;0 0.0004798649815 0.001073573418 0.002396780232 0.005361045091 0.01198620838 0.02676407092 0.06109883029 0.1607561267 1.06817755 2.652048834 ;
prior probabilities= 0.8267073713 0.01278602023 0.006394194555 0.003198456686 0.001600850155 0.0008024857151 0.0004041586658 0.0002070733418 0.0001161954155 0.1477831939 ;0.9521708945 0.01468199483 0.007315072561 0.003629121254 0.001783874793 0.0008602632451 0.0004002482697 0.0001755454674 9.82082277e-05 5.617942378e-06 0.004069158246 0.01481000068 ;0.8532971717 0.01319345377 0.006595586591 0.003296551145 0.001646955849 0.0008221823788 0.0004100900167 0.0002050021445 0.0001055819207 8.356122425e-05 0.1203438633 ;
gamw = 1.183662206
denoising step took 0.234817662 seconds.
r2 filepath_out is /nfs/scistore13/mondegrp/kkoegler/gVAMP_grouped/synthetic_data/x1_hat_EOSI_gen_matrix_G1_r2_it_7.bin
______________________
->LMMSE
[CG] it = 0: ||r_it|| / ||RHS|| = 0.03066690882, ||x_it|| = 19.40340388, ||z|| / ||RHS|| = 0.002805230634
[CG] it = 1: ||r_it|| / ||RHS|| = 0.004046786795, ||x_it|| = 19.64583248, ||z|| / ||RHS|| = 0.0003701765429
[CG] it = 2: ||r_it|| / ||RHS|| = 0.0004891301178, ||x_it|| = 19.65386864, ||z|| / ||RHS|| = 4.474278118e-05
[CG] it = 3: ||r_it|| / ||RHS|| = 5.908244187e-05, ||x_it|| = 19.6540125, ||z|| / ||RHS|| = 5.404518495e-06
[CG] it = 4: ||r_it|| / ||RHS|| = 7.026764372e-06, ||x_it|| = 19.65402135, ||z|| / ||RHS|| = 6.427675771e-07
x2_hat filepath_out is /nfs/scistore13/mondegrp/kkoegler/gVAMP_grouped/synthetic_data/x1_hat_EOSI_gen_matrix_G1_it_7_x2_hat.bin
CG took 0.244217593 seconds.
[CG onsager] it = 0: relative error for onsager is 1
[CG] it = 0: ||r_it|| / ||RHS|| = 0.1384923377, ||x_it|| = 0.09160462681, ||z|| / ||RHS|| = 0.01266847437
[CG onsager] it = 1: relative error for onsager is 0.01623254142
[CG] it = 1: ||r_it|| / ||RHS|| = 0.01671618572, ||x_it|| = 0.09375356847, ||z|| / ||RHS|| = 0.001529099543
[CG onsager] it = 2: relative error for onsager is 0.0002357336701
[CG] it = 2: ||r_it|| / ||RHS|| = 0.002000819042, ||x_it|| = 0.09380315415, ||z|| / ||RHS|| = 0.0001830233005
[CG onsager] it = 3: relative error for onsager is 3.395471692e-06
[CG] it = 3: ||r_it|| / ||RHS|| = 0.0002403185704, ||x_it|| = 0.09380413771, ||z|| / ||RHS|| = 2.198294649e-05
[CG onsager] it = 4: relative error for onsager is 4.882013801e-08
[CG] it = 4: ||r_it|| / ||RHS|| = 2.826107376e-05, ||x_it|| = 0.09380415573, ||z|| / ||RHS|| = 2.585158822e-06
onsager took 0.231028529 seconds.
alpha2 = 0.9079719329
onsager approx = 1.403326565
u1 = -0.3648377889, u2 = 0.07247940276, u3 = -0.001651430424
polyest1 = 5.800213275, polyest2 = 38.0886492
extremum = 21.94443124
polyest = 38.0886492
eta2= 10.73670837
gam2 re-est = 9.321647145
gam1 = 1.415061223
true gam1 = 0.0001845872127
l2_norm2(temp) / N = 0.6317118203
trace_correction / N = 0.1295809828
correlation x2_hat = -0.7551190589
l2 signal error = 1.002275537
l2 prediction error = 0.7947451866
R2 = 0.3683800883
prior variances = 0 0.0004801423842 0.001074965882 0.002403764894 0.005396487969 0.01216894648 0.02773734323 0.06693242075 0.2154954875 1.395202077 ;0 0.0004772464285 0.001060550641 0.002332783748 0.005050627905 0.01053358191 0.02042510189 0.03549751988 0.05394579241 0.1292787526 6.264209627 29.40155086 ;0 0.0004798649815 0.001073573418 0.002396780232 0.005361045091 0.01198620838 0.02676407092 0.06109883029 0.1607561267 1.06817755 2.652048834 ;
prior probabilities= 0.8267073713 0.01278602023 0.006394194555 0.003198456686 0.001600850155 0.0008024857151 0.0004041586658 0.0002070733418 0.0001161954155 0.1477831939 ;0.9521708945 0.01468199483 0.007315072561 0.003629121254 0.001783874793 0.0008602632451 0.0004002482697 0.0001755454674 9.82082277e-05 5.617942378e-06 0.004069158246 0.01481000068 ;0.8532971717 0.01319345377 0.006595586591 0.003296551145 0.001646955849 0.0008221823788 0.0004100900167 0.0002050021445 0.0001055819207 8.356122425e-05 0.1203438633 ;
gamw = 1.313555042
lmmse step took 0.651664712 seconds.
total iteration time = 0.886482374
total computation time so far = 6.031957776



********************
iteration = 8
********************
->DENOISING
[old] it_revar = 1: gam1 = 1.942399912
[old] it_revar = 2: gam1 = 2.208640904
[old] it_revar = 3: gam1 = 2.337027483
[old] it_revar = 4: gam1 = 2.399856559
[old] it_revar = 5: gam1 = 2.431989913
A total of 5 variance and prior tuning iterations were performed
time needed to calculate z1 = 0.027225861 seconds
filepath_out_z1 = /nfs/scistore13/mondegrp/kkoegler/gVAMP_grouped/synthetic_data/x1_hat_EOSI_gen_matrix_G1_z1_it_8.csv
rho = 0.1634534495
x1_hat filepath_out is /nfs/scistore13/mondegrp/kkoegler/gVAMP_grouped/synthetic_data/x1_hat_EOSI_gen_matrix_G1_it_8.bin
r1 filepath_out is /nfs/scistore13/mondegrp/kkoegler/gVAMP_grouped/synthetic_data/x1_hat_EOSI_gen_matrix_G1_r1_it_8.bin
time needed to save beta1 to an external file = 0.015513336 seconds
eta1 = 11.28357722
gam2 = 8.851587307
true gam2 = 0.0001870656365
time needed to calculate conditional expectation = 2.800000001e-07 seconds
correlation x1_hat = -0.8076783051
l2 signal error = 1.003266082
l2 prediction error = 0.6139781991
R2 = 0.6230307711
prior variances = 0 0.0004800404124 0.001074457058 0.002401246222 0.005384080301 0.01210905802 0.0274620561 0.06578329309 0.2152978868 2.11358647 ;0 0.0004767097091 0.001057904171 0.002320021733 0.004991225796 0.01027883461 0.01949130373 0.03278291526 0.1004674993 7.052646928 33.86658137 ;0 0.0004798016983 0.001073257981 0.002395222573 0.005353413754 0.01194984389 0.0266019612 0.06046922437 0.1598705962 1.149847565 2.818983512 ;
prior probabilities= 0.8121159462 0.01255901022 0.006279844202 0.003140342968 0.001570750554 0.000786290953 0.0003948303055 0.0002010865839 0.0001118835578 0.1628400145 ;0.951849307 0.0146687803 0.007303471252 0.003617955478 0.001772747674 0.0008494950806 0.0003908312091 0.000262166115 4.927761219e-06 0.005426430661 0.01385388749 ;0.8473068702 0.01309996806 0.006548318674 0.003272336255 0.001634208042 0.0008151181142 0.0004058476092 0.0002021984061 0.0001036500857 8.671058864e-05 0.126524774 ;
gamw = 1.313555042
denoising step took 0.242822657 seconds.
r2 filepath_out is /nfs/scistore13/mondegrp/kkoegler/gVAMP_grouped/synthetic_data/x1_hat_EOSI_gen_matrix_G1_r2_it_8.bin
______________________
->LMMSE
[CG] it = 0: ||r_it|| / ||RHS|| = 0.03691153503, ||x_it|| = 23.58591548, ||z|| / ||RHS|| = 0.003631284982
[CG] it = 1: ||r_it|| / ||RHS|| = 0.005771022833, ||x_it|| = 23.95994133, ||z|| / ||RHS|| = 0.0005677419953
[CG] it = 2: ||r_it|| / ||RHS|| = 0.0008178309636, ||x_it|| = 23.97600219, ||z|| / ||RHS|| = 8.045661861e-05
[CG] it = 3: ||r_it|| / ||RHS|| = 0.0001149928415, ||x_it|| = 23.97644946, ||z|| / ||RHS|| = 1.131277196e-05
[CG] it = 4: ||r_it|| / ||RHS|| = 1.596972931e-05, ||x_it|| = 23.97648293, ||z|| / ||RHS|| = 1.571070891e-06
[CG] it = 5: ||r_it|| / ||RHS|| = 2.268631721e-06, ||x_it|| = 23.97648405, ||z|| / ||RHS|| = 2.231835737e-07
x2_hat filepath_out is /nfs/scistore13/mondegrp/kkoegler/gVAMP_grouped/synthetic_data/x1_hat_EOSI_gen_matrix_G1_it_8_x2_hat.bin
CG took 0.288666367 seconds.
[CG onsager] it = 0: relative error for onsager is 1
[CG] it = 0: ||r_it|| / ||RHS|| = 0.1653353582, ||x_it|| = 0.09854552537, ||z|| / ||RHS|| = 0.01626537078
[CG onsager] it = 1: relative error for onsager is 0.02246566509
[CG] it = 1: ||r_it|| / ||RHS|| = 0.02328254121, ||x_it|| = 0.1017366798, ||z|| / ||RHS|| = 0.002290491094
[CG onsager] it = 2: relative error for onsager is 0.000443371902
[CG] it = 2: ||r_it|| / ||RHS|| = 0.003246772073, ||x_it|| = 0.1018358535, ||z|| / ||RHS|| = 0.000319411118
[CG onsager] it = 3: relative error for onsager is 8.675699959e-06
[CG] it = 3: ||r_it|| / ||RHS|| = 0.000454716463, ||x_it|| = 0.1018385184, ||z|| / ||RHS|| = 4.473412071e-05
[CG onsager] it = 4: relative error for onsager is 1.695075365e-07
[CG] it = 4: ||r_it|| / ||RHS|| = 6.231868667e-05, ||x_it|| = 0.1018385846, ||z|| / ||RHS|| = 6.130791116e-06
onsager took 0.229727204 seconds.
alpha2 = 0.8927348433
onsager approx = 1.256874116
u1 = -0.3007538821, u2 = 0.03864489403, u3 = 0.001226691138
polyest1 = 6.458460005, polyest2 = -37.96182123
extremum = -15.75168061
polyest = -37.96182123
eta2= 9.915135915
gam2 re-est = 8.470587315
gam1 = 1.444548601
true gam1 = 0.0001844310966
l2_norm2(temp) / N = 0.5299942022
trace_correction / N = 0.1361003197
correlation x2_hat = -0.7785454566
l2 signal error = 1.002862316
l2 prediction error = 0.7279540457
R2 = 0.4700829074
prior variances = 0 0.0004800404124 0.001074457058 0.002401246222 0.005384080301 0.01210905802 0.0274620561 0.06578329309 0.2152978868 2.11358647 ;0 0.0004767097091 0.001057904171 0.002320021733 0.004991225796 0.01027883461 0.01949130373 0.03278291526 0.1004674993 7.052646928 33.86658137 ;0 0.0004798016983 0.001073257981 0.002395222573 0.005353413754 0.01194984389 0.0266019612 0.06046922437 0.1598705962 1.149847565 2.818983512 ;
prior probabilities= 0.8121159462 0.01255901022 0.006279844202 0.003140342968 0.001570750554 0.000786290953 0.0003948303055 0.0002010865839 0.0001118835578 0.1628400145 ;0.951849307 0.0146687803 0.007303471252 0.003617955478 0.001772747674 0.0008494950806 0.0003908312091 0.000262166115 4.927761219e-06 0.005426430661 0.01385388749 ;0.8473068702 0.01309996806 0.006548318674 0.003272336255 0.001634208042 0.0008151181142 0.0004058476092 0.0002021984061 0.0001036500857 8.671058864e-05 0.126524774 ;
gamw = 1.501288431
lmmse step took 0.693184936 seconds.
total iteration time = 0.936007593
total computation time so far = 6.967965369



********************
iteration = 9
********************
->DENOISING
[old] it_revar = 1: gam1 = 1.976212862
[old] it_revar = 2: gam1 = 2.218176122
[old] it_revar = 3: gam1 = 2.330299737
[old] it_revar = 4: gam1 = 2.384930718
[old] it_revar = 5: gam1 = 2.412791649
A total of 5 variance and prior tuning iterations were performed
time needed to calculate z1 = 0.027293172 seconds
filepath_out_z1 = /nfs/scistore13/mondegrp/kkoegler/gVAMP_grouped/synthetic_data/x1_hat_EOSI_gen_matrix_G1_z1_it_9.csv
rho = 0.2062648721
x1_hat filepath_out is /nfs/scistore13/mondegrp/kkoegler/gVAMP_grouped/synthetic_data/x1_hat_EOSI_gen_matrix_G1_it_9.bin
r1 filepath_out is /nfs/scistore13/mondegrp/kkoegler/gVAMP_grouped/synthetic_data/x1_hat_EOSI_gen_matrix_G1_r1_it_9.bin
time needed to save beta1 to an external file = 0.00850738 seconds
eta1 = 10.8966058
gam2 = 8.483814153
true gam2 = 0.0001868014427
time needed to calculate conditional expectation = 1.4e-07 seconds
correlation x1_hat = -0.8189155005
l2 signal error = 1.003951449
l2 prediction error = 0.5447879886
R2 = 0.7032060475
prior variances = 0 0.0004799591749 0.001074052106 0.002399246198 0.005374276263 0.01206224147 0.02725165895 0.06494740112 0.2158508887 2.261710537 ;0 0.0004762334144 0.001055561665 0.002308788251 0.004939550001 0.01006230436 0.01872879718 0.03068915382 0.08344691017 8.057082081 38.99453307 ;0 0.0004797429409 0.001072964986 0.00239377439 0.005346303083 0.01191576941 0.02644759059 0.05983277129 0.1581021335 1.196358733 3.023127746 ;
prior probabilities= 0.808276096 0.01249856889 0.00624896877 0.003124180155 0.001561868094 0.000780980957 0.0003912654947 0.0001983788463 0.0001097711846 0.1668099216 ;0.9518804868 0.01466193037 0.007295618881 0.003609301971 0.00176359981 0.0008405171575 0.0003831047163 0.0002536275499 4.483225375e-06 0.006496504089 0.01281082542 ;0.8447929544 0.0130603003 0.006527996267 0.003261634379 0.001628260679 0.000811500096 0.0004033711121 0.0002003006154 0.0001020827673 8.818410305e-05 0.1291234152 ;
gamw = 1.501288431
denoising step took 0.219013549 seconds.
r2 filepath_out is /nfs/scistore13/mondegrp/kkoegler/gVAMP_grouped/synthetic_data/x1_hat_EOSI_gen_matrix_G1_r2_it_9.bin
______________________
->LMMSE
[CG] it = 0: ||r_it|| / ||RHS|| = 0.04123677915, ||x_it|| = 28.68070389, ||z|| / ||RHS|| = 0.004129959659
[CG] it = 1: ||r_it|| / ||RHS|| = 0.007450713151, ||x_it|| = 29.20689138, ||z|| / ||RHS|| = 0.0007462063086
[CG] it = 2: ||r_it|| / ||RHS|| = 0.001209034922, ||x_it|| = 29.2358387, ||z|| / ||RHS|| = 0.0001210876687
[CG] it = 3: ||r_it|| / ||RHS|| = 0.0001931577786, ||x_it|| = 29.23693196, ||z|| / ||RHS|| = 1.934520227e-05
[CG] it = 4: ||r_it|| / ||RHS|| = 3.056719942e-05, ||x_it|| = 29.23702267, ||z|| / ||RHS|| = 3.061376352e-06
[CG] it = 5: ||r_it|| / ||RHS|| = 4.932367772e-06, ||x_it|| = 29.2370263, ||z|| / ||RHS|| = 4.939881423e-07
x2_hat filepath_out is /nfs/scistore13/mondegrp/kkoegler/gVAMP_grouped/synthetic_data/x1_hat_EOSI_gen_matrix_G1_it_9_x2_hat.bin
CG took 0.282847185 seconds.
[CG onsager] it = 0: relative error for onsager is 1
[CG] it = 0: ||r_it|| / ||RHS|| = 0.1924267155, ||x_it|| = 0.1003507617, ||z|| / ||RHS|| = 0.01927198459
[CG onsager] it = 1: relative error for onsager is 0.02956799507
[CG] it = 1: ||r_it|| / ||RHS|| = 0.03086738839, ||x_it|| = 0.1046220002, ||z|| / ||RHS|| = 0.003091440977
[CG onsager] it = 2: relative error for onsager is 0.0007556443398
[CG] it = 2: ||r_it|| / ||RHS|| = 0.004894786995, ||x_it|| = 0.1047923642, ||z|| / ||RHS|| = 0.0004902243397
[CG onsager] it = 3: relative error for onsager is 1.913399414e-05
[CG] it = 3: ||r_it|| / ||RHS|| = 0.0007801292694, ||x_it|| = 0.1047982716, ||z|| / ||RHS|| = 7.81317668e-05
[CG onsager] it = 4: relative error for onsager is 4.83900608e-07
[CG] it = 4: ||r_it|| / ||RHS|| = 0.0001216092111, ||x_it|| = 0.1047984614, ||z|| / ||RHS|| = 1.217944627e-05
[CG onsager] it = 5: relative error for onsager is 1.163573347e-08
[CG] it = 5: ||r_it|| / ||RHS|| = 1.967963118e-05, ||x_it|| = 0.104798467, ||z|| / ||RHS|| = 1.970960986e-06
onsager took 0.268980804 seconds.
alpha2 = 0.8779777902
onsager approx = 1.287299946
u1 = -0.2333306009, u2 = -0.008416599598, u3 = 0.002469922911
polyest1 = 11.57153206, polyest2 = -8.163895511
extremum = 1.703818277
polyest = -8.163895511
eta2= 9.662902921
gam2 re-est = 8.196594464
gam1 = 1.466308457
true gam1 = 0.0001842236799
l2_norm2(temp) / N = 0.419798571
trace_correction / N = 0.1354638758
correlation x2_hat = -0.8011964864
l2 signal error = 1.003592122
l2 prediction error = 0.6478715103
R2 = 0.5802625061
prior variances = 0 0.0004799591749 0.001074052106 0.002399246198 0.005374276263 0.01206224147 0.02725165895 0.06494740112 0.2158508887 2.261710537 ;0 0.0004762334144 0.001055561665 0.002308788251 0.004939550001 0.01006230436 0.01872879718 0.03068915382 0.08344691017 8.057082081 38.99453307 ;0 0.0004797429409 0.001072964986 0.00239377439 0.005346303083 0.01191576941 0.02644759059 0.05983277129 0.1581021335 1.196358733 3.023127746 ;
prior probabilities= 0.808276096 0.01249856889 0.00624896877 0.003124180155 0.001561868094 0.000780980957 0.0003912654947 0.0001983788463 0.0001097711846 0.1668099216 ;0.9518804868 0.01466193037 0.007295618881 0.003609301971 0.00176359981 0.0008405171575 0.0003831047163 0.0002536275499 4.483225375e-06 0.006496504089 0.01281082542 ;0.8447929544 0.0130603003 0.006527996267 0.003261634379 0.001628260679 0.000811500096 0.0004033711121 0.0002003006154 0.0001020827673 8.818410305e-05 0.1291234152 ;
gamw = 1.800950174
lmmse step took 0.727946968 seconds.
total iteration time = 0.946960517
total computation time so far = 7.914925886



********************
iteration = 10
********************
->DENOISING
[old] it_revar = 1: gam1 = 1.923905956
[old] it_revar = 2: gam1 = 2.135697973
[old] it_revar = 3: gam1 = 2.234816096
[old] it_revar = 4: gam1 = 2.28399727
[old] it_revar = 5: gam1 = 2.309557952
A total of 5 variance and prior tuning iterations were performed
time needed to calculate z1 = 0.027832021 seconds
filepath_out_z1 = /nfs/scistore13/mondegrp/kkoegler/gVAMP_grouped/synthetic_data/x1_hat_EOSI_gen_matrix_G1_z1_it_10.csv
rho = 0.2540097042
x1_hat filepath_out is /nfs/scistore13/mondegrp/kkoegler/gVAMP_grouped/synthetic_data/x1_hat_EOSI_gen_matrix_G1_it_10.bin
r1 filepath_out is /nfs/scistore13/mondegrp/kkoegler/gVAMP_grouped/synthetic_data/x1_hat_EOSI_gen_matrix_G1_r1_it_10.bin
time needed to save beta1 to an external file = 0.012160518 seconds
eta1 = 10.0470259
gam2 = 7.737467946
true gam2 = 0.0001865041322
time needed to calculate conditional expectation = 2.200000004e-07 seconds
correlation x1_hat = -0.8338510796
l2 signal error = 1.004750934
l2 prediction error = 0.4731151307
R2 = 0.7761620731
prior variances = 0 0.0004799311918 0.001073913436 0.002398570413 0.005371065274 0.01204804187 0.02720060767 0.06491598813 0.2222647616 2.386782907 ;0 0.0004758463133 0.001053662106 0.002299723103 0.004898271797 0.009892731802 0.01815121383 0.02917379188 0.07328972316 9.120668374 44.52143432 ;0 0.0004797106621 0.001072804291 0.002392983049 0.005342449985 0.01189766027 0.02636934781 0.05955372864 0.158209509 1.250395889 3.238141049 ;
prior probabilities= 0.7994313313 0.01236143827 0.006180185078 0.003089548449 0.001544292175 0.0007719231242 0.0003864842023 0.000195819353 0.000109000224 0.1759299779 ;0.9517898317 0.01465457407 0.007288356272 0.003601863923 0.001756043012 0.000833315026 0.000377098505 0.0002472326545 4.196986125e-06 0.007364933089 0.0120825548 ;0.8403622493 0.01299136474 0.006493270376 0.003243986549 0.001619124417 0.0008065991652 0.0004005867627 0.0001986049699 0.0001010554495 9.147791877e-05 0.1336916803 ;
gamw = 1.800950174
denoising step took 0.26702831 seconds.
r2 filepath_out is /nfs/scistore13/mondegrp/kkoegler/gVAMP_grouped/synthetic_data/x1_hat_EOSI_gen_matrix_G1_r2_it_10.bin
______________________
->LMMSE
[CG] it = 0: ||r_it|| / ||RHS|| = 0.04625023547, ||x_it|| = 34.41270262, ||z|| / ||RHS|| = 0.004849027819
[CG] it = 1: ||r_it|| / ||RHS|| = 0.01031096539, ||x_it|| = 35.15430182, ||z|| / ||RHS|| = 0.00108103575
[CG] it = 2: ||r_it|| / ||RHS|| = 0.002045217195, ||x_it|| = 35.21267794, ||z|| / ||RHS|| = 0.0002144273423
[CG] it = 3: ||r_it|| / ||RHS|| = 0.000394347592, ||x_it|| = 35.21594112, ||z|| / ||RHS|| = 4.134470721e-05
[CG] it = 4: ||r_it|| / ||RHS|| = 7.551877802e-05, ||x_it|| = 35.21626002, ||z|| / ||RHS|| = 7.917638728e-06
[CG] it = 5: ||r_it|| / ||RHS|| = 1.470632055e-05, ||x_it|| = 35.21627562, ||z|| / ||RHS|| = 1.541859338e-06
[CG] it = 6: ||r_it|| / ||RHS|| = 2.852166952e-06, ||x_it|| = 35.21627467, ||z|| / ||RHS|| = 2.990306267e-07
x2_hat filepath_out is /nfs/scistore13/mondegrp/kkoegler/gVAMP_grouped/synthetic_data/x1_hat_EOSI_gen_matrix_G1_it_10_x2_hat.bin
CG took 0.32175142 seconds.
[CG onsager] it = 0: relative error for onsager is 1
[CG] it = 0: ||r_it|| / ||RHS|| = 0.2417701793, ||x_it|| = 0.1051042988, ||z|| / ||RHS|| = 0.02534798609
[CG onsager] it = 1: relative error for onsager is 0.04438336637
[CG] it = 1: ||r_it|| / ||RHS|| = 0.0470521702, ||x_it|| = 0.1118237675, ||z|| / ||RHS|| = 0.004933105311
[CG onsager] it = 2: relative error for onsager is 0.00166123041
[CG] it = 2: ||r_it|| / ||RHS|| = 0.009015275579, ||x_it|| = 0.112210148, ||z|| / ||RHS|| = 0.0009451913409
[CG onsager] it = 3: relative error for onsager is 6.148223467e-05
[CG] it = 3: ||r_it|| / ||RHS|| = 0.001738186234, ||x_it|| = 0.1122296294, ||z|| / ||RHS|| = 0.0001822371999
[CG onsager] it = 4: relative error for onsager is 2.273504561e-06
[CG] it = 4: ||r_it|| / ||RHS|| = 0.0003274975921, ||x_it|| = 0.1122305424, ||z|| / ||RHS|| = 3.433593188e-05
[CG onsager] it = 5: relative error for onsager is 7.966920588e-08
[CG] it = 5: ||r_it|| / ||RHS|| = 6.390042686e-05, ||x_it|| = 0.1122305811, ||z|| / ||RHS|| = 6.699532324e-06
onsager took 0.268411168 seconds.
alpha2 = 0.8524824174
onsager approx = 1.194786759
u1 = -0.1649510475, u2 = -0.02841651112, u3 = -0.002357591519
polyest1 = -nan, polyest2 = -nan
extremum = -6.026597671
polyest = -nan
eta2= 9.076395933
gam2 re-est = 7.545487154
gam1 = 1.530908779
true gam1 = 0.0001840423997
l2_norm2(temp) / N = 0.3122169912
trace_correction / N = 0.1365182898
correlation x2_hat = -0.825405712
l2 signal error = 1.00445766
l2 prediction error = 0.5587231571
R2 = 0.6878284337
prior variances = 0 0.0004799311918 0.001073913436 0.002398570413 0.005371065274 0.01204804187 0.02720060767 0.06491598813 0.2222647616 2.386782907 ;0 0.0004758463133 0.001053662106 0.002299723103 0.004898271797 0.009892731802 0.01815121383 0.02917379188 0.07328972316 9.120668374 44.52143432 ;0 0.0004797106621 0.001072804291 0.002392983049 0.005342449985 0.01189766027 0.02636934781 0.05955372864 0.158209509 1.250395889 3.238141049 ;
prior probabilities= 0.7994313313 0.01236143827 0.006180185078 0.003089548449 0.001544292175 0.0007719231242 0.0003864842023 0.000195819353 0.000109000224 0.1759299779 ;0.9517898317 0.01465457407 0.007288356272 0.003601863923 0.001756043012 0.000833315026 0.000377098505 0.0002472326545 4.196986125e-06 0.007364933089 0.0120825548 ;0.8403622493 0.01299136474 0.006493270376 0.003243986549 0.001619124417 0.0008065991652 0.0004005867627 0.0001986049699 0.0001010554495 9.147791877e-05 0.1336916803 ;
gamw = 2.228485351
lmmse step took 0.773419792 seconds.
total iteration time = 1.040448102
total computation time so far = 8.955373988


gam1s filepath_out is /nfs/scistore13/mondegrp/kkoegler/gVAMP_grouped/synthetic_data/x1_hat_EOSI_gen_matrix_G1_gam1s.csv
gam2s filepath_out is /nfs/scistore13/mondegrp/kkoegler/gVAMP_grouped/synthetic_data/x1_hat_EOSI_gen_matrix_G1_gam2s.csv
R2trains filepath_out is /nfs/scistore13/mondegrp/kkoegler/gVAMP_grouped/synthetic_data/x1_hat_EOSI_gen_matrix_G1_R2trains.csv
index of max train R2 iteration = 18
intercept = 0.02611865937
scale = 0.7202051435

real	0m11.041s
user	0m14.334s
sys	0m2.368s
